2022-12-14T15:04:07.930+0800	INFO	/home/goproject/src/QAcommunity/services/boot/logger.go:34	init logger successfully
2022-12-14T15:18:07.913+0800	INFO	/home/goproject/src/QAcommunity/services/boot/logger.go:34	init logger successfully
2022-12-14T15:18:07.919+0800	FATAL	/home/goproject/src/QAcommunity/services/boot/database.go:34	connect mysql failed
2022-12-14T15:18:35.841+0800	INFO	/home/goproject/src/QAcommunity/services/boot/logger.go:34	init logger successfully
2022-12-14T15:18:35.846+0800	INFO	/home/goproject/src/QAcommunity/services/boot/database.go:38	connect mysql successfully
2022-12-14T17:22:42.437+0800	INFO	/home/goproject/src/QAcommunity/services/boot/logger.go:34	init logger successfully
2022-12-14T17:22:42.495+0800	INFO	/home/goproject/src/QAcommunity/services/boot/database.go:38	connect mysql successfully
2022-12-14T17:30:31.943+0800	INFO	/home/goproject/src/QAcommunity/services/boot/logger.go:34	init logger successfully
2022-12-14T17:30:31.955+0800	INFO	/home/goproject/src/QAcommunity/services/boot/database.go:38	connect mysql successfully
2022-12-14T17:32:20.113+0800	WARN	/home/goproject/src/QAcommunity/controller/user.go:51	err:user already exists
2022-12-14T17:32:20.113+0800	INFO	/home/goproject/src/QAcommunity/middleware/zap.go:26	/public/enroll	{"status": 500, "method": "POST", "path": "/public/enroll", "query": "", "ip": "::1", "user-agent": "PostmanRuntime/7.29.2", "errors": "", "cost": 63175041}
2022-12-14T18:51:55.719+0800	INFO	/home/goproject/src/QAcommunity/services/boot/logger.go:34	init logger successfully
2022-12-14T18:51:55.739+0800	INFO	/home/goproject/src/QAcommunity/services/boot/database.go:38	connect mysql successfully
2022-12-14T18:51:57.216+0800	WARN	/home/goproject/src/QAcommunity/controller/user.go:52	err:user already exists
2022-12-14T18:51:57.216+0800	INFO	/home/goproject/src/QAcommunity/middleware/zap.go:26	/public/enroll	{"status": 500, "method": "POST", "path": "/public/enroll", "query": "", "ip": "::1", "user-agent": "PostmanRuntime/7.29.2", "errors": "", "cost": 9466104}
2022-12-14T18:54:56.522+0800	INFO	/home/goproject/src/QAcommunity/services/boot/logger.go:34	init logger successfully
2022-12-14T18:54:56.535+0800	INFO	/home/goproject/src/QAcommunity/services/boot/database.go:38	connect mysql successfully
2022-12-14T18:54:58.837+0800	WARN	/home/goproject/src/QAcommunity/controller/user.go:52	err:generate user failed
2022-12-14T18:54:58.838+0800	INFO	/home/goproject/src/QAcommunity/middleware/zap.go:26	/public/enroll	{"status": 500, "method": "POST", "path": "/public/enroll", "query": "", "ip": "::1", "user-agent": "PostmanRuntime/7.29.2", "errors": "", "cost": 27811135}
2022-12-14T18:57:36.031+0800	INFO	/home/goproject/src/QAcommunity/services/boot/logger.go:34	init logger successfully
2022-12-14T18:57:36.041+0800	INFO	/home/goproject/src/QAcommunity/services/boot/database.go:38	connect mysql successfully
2022-12-14T18:57:37.783+0800	WARN	/home/goproject/src/QAcommunity/controller/user.go:52	err:generate user failed
2022-12-14T18:57:37.783+0800	INFO	/home/goproject/src/QAcommunity/middleware/zap.go:26	/public/enroll	{"status": 500, "method": "POST", "path": "/public/enroll", "query": "", "ip": "::1", "user-agent": "PostmanRuntime/7.29.2", "errors": "", "cost": 25229532}
2022-12-14T18:58:10.386+0800	INFO	/home/goproject/src/QAcommunity/services/boot/logger.go:34	init logger successfully
2022-12-14T18:58:10.392+0800	INFO	/home/goproject/src/QAcommunity/services/boot/database.go:38	connect mysql successfully
2022-12-14T18:58:11.538+0800	INFO	/home/goproject/src/QAcommunity/controller/user.go:60	user:tom enroll 
2022-12-14T18:58:11.538+0800	INFO	/home/goproject/src/QAcommunity/middleware/zap.go:26	/public/enroll	{"status": 200, "method": "POST", "path": "/public/enroll", "query": "", "ip": "::1", "user-agent": "PostmanRuntime/7.29.2", "errors": "", "cost": 86487742}
2022-12-14T18:59:42.864+0800	INFO	/home/goproject/src/QAcommunity/services/boot/logger.go:34	init logger successfully
2022-12-14T18:59:42.869+0800	INFO	/home/goproject/src/QAcommunity/services/boot/database.go:38	connect mysql successfully
2022-12-14T18:59:44.314+0800	INFO	/home/goproject/src/QAcommunity/controller/user.go:60	user:tom enroll 
2022-12-14T18:59:44.315+0800	INFO	/home/goproject/src/QAcommunity/middleware/zap.go:26	/public/enroll	{"status": 200, "method": "POST", "path": "/public/enroll", "query": "", "ip": "::1", "user-agent": "PostmanRuntime/7.29.2", "errors": "", "cost": 34871022}
2022-12-14T19:28:53.800+0800	INFO	/home/goproject/src/QAcommunity/services/boot/logger.go:34	init logger successfully
2022-12-14T19:28:53.811+0800	INFO	/home/goproject/src/QAcommunity/services/boot/database.go:38	connect mysql successfully
2022-12-14T19:28:55.967+0800	INFO	/home/goproject/src/QAcommunity/controller/user.go:60	user:tom enroll 
2022-12-14T19:28:55.967+0800	INFO	/home/goproject/src/QAcommunity/middleware/zap.go:26	/public/enroll	{"status": 200, "method": "POST", "path": "/public/enroll", "query": "", "ip": "::1", "user-agent": "PostmanRuntime/7.29.2", "errors": "", "cost": 32702790}
2022-12-14T19:29:18.692+0800	INFO	/home/goproject/src/QAcommunity/services/boot/logger.go:34	init logger successfully
2022-12-14T19:29:18.696+0800	INFO	/home/goproject/src/QAcommunity/services/boot/database.go:38	connect mysql successfully
2022-12-14T19:29:20.458+0800	WARN	/home/goproject/src/QAcommunity/controller/user.go:52	err:generate user failed
2022-12-14T19:29:20.458+0800	INFO	/home/goproject/src/QAcommunity/middleware/zap.go:26	/public/enroll	{"status": 500, "method": "POST", "path": "/public/enroll", "query": "", "ip": "::1", "user-agent": "PostmanRuntime/7.29.2", "errors": "", "cost": 38381446}
2022-12-14T20:10:35.597+0800	INFO	/home/goproject/src/QAcommunity/services/boot/logger.go:34	init logger successfully
2022-12-14T20:10:35.612+0800	INFO	/home/goproject/src/QAcommunity/services/boot/database.go:38	connect mysql successfully
2022-12-14T20:10:37.494+0800	INFO	/home/goproject/src/QAcommunity/middleware/zap.go:26	/public/enroll	{"status": 200, "method": "POST", "path": "/public/enroll", "query": "", "ip": "::1", "user-agent": "PostmanRuntime/7.29.2", "errors": "", "cost": 5577819}
2022-12-14T20:21:27.222+0800	INFO	/home/goproject/src/QAcommunity/services/boot/logger.go:34	init logger successfully
2022-12-14T20:21:27.227+0800	INFO	/home/goproject/src/QAcommunity/services/boot/database.go:38	connect mysql successfully
2022-12-14T20:21:28.546+0800	INFO	/home/goproject/src/QAcommunity/controller/user.go:64	user:tom enroll 
2022-12-14T20:21:28.546+0800	INFO	/home/goproject/src/QAcommunity/middleware/zap.go:26	/public/enroll	{"status": 200, "method": "POST", "path": "/public/enroll", "query": "", "ip": "::1", "user-agent": "PostmanRuntime/7.29.2", "errors": "", "cost": 29792464}
2022-12-14T20:21:59.544+0800	INFO	/home/goproject/src/QAcommunity/middleware/zap.go:26	/public/enroll	{"status": 200, "method": "POST", "path": "/public/enroll", "query": "", "ip": "::1", "user-agent": "PostmanRuntime/7.29.2", "errors": "", "cost": 2536574}
2022-12-14T22:11:32.646+0800	INFO	/home/goproject/src/QAcommunity/services/boot/logger.go:34	init logger successfully
2022-12-14T22:11:32.736+0800	INFO	/home/goproject/src/QAcommunity/services/boot/database.go:38	connect mysql successfully
2022-12-14T22:11:35.916+0800	INFO	/home/goproject/src/QAcommunity/controller/user.go:71	user:jane enroll 
2022-12-14T22:11:35.916+0800	INFO	/home/goproject/src/QAcommunity/middleware/zap.go:26	/public/enroll	{"status": 200, "method": "POST", "path": "/public/enroll", "query": "", "ip": "::1", "user-agent": "PostmanRuntime/7.30.0", "errors": "", "cost": 87334478}
2022-12-14T22:11:55.551+0800	INFO	/home/goproject/src/QAcommunity/middleware/zap.go:26	/public/login	{"status": 200, "method": "POST", "path": "/public/login", "query": "", "ip": "::1", "user-agent": "PostmanRuntime/7.30.0", "errors": "", "cost": 3196000}
2022-12-14T22:12:37.256+0800	INFO	/home/goproject/src/QAcommunity/middleware/zap.go:26	/public/login	{"status": 200, "method": "POST", "path": "/public/login", "query": "", "ip": "::1", "user-agent": "PostmanRuntime/7.30.0", "errors": "", "cost": 5501695}
2022-12-14T22:15:26.189+0800	INFO	/home/goproject/src/QAcommunity/services/boot/logger.go:34	init logger successfully
2022-12-14T22:15:26.211+0800	INFO	/home/goproject/src/QAcommunity/services/boot/database.go:38	connect mysql successfully
2022-12-14T22:15:27.924+0800	INFO	/home/goproject/src/QAcommunity/controller/user.go:116	user:jane login
2022-12-14T22:15:27.924+0800	INFO	/home/goproject/src/QAcommunity/middleware/zap.go:26	/public/login	{"status": 200, "method": "POST", "path": "/public/login", "query": "", "ip": "::1", "user-agent": "PostmanRuntime/7.30.0", "errors": "", "cost": 8973141}
2022-12-14T23:03:21.142+0800	INFO	/home/goproject/src/QAcommunity/services/boot/logger.go:34	init logger successfully
2022-12-14T23:03:21.173+0800	INFO	/home/goproject/src/QAcommunity/services/boot/database.go:38	connect mysql successfully
2022-12-14T23:03:24.637+0800	INFO	/home/goproject/src/QAcommunity/middleware/zap.go:26	/private/revisePwd	{"status": 404, "method": "POST", "path": "/private/revisePwd", "query": "", "ip": "::1", "user-agent": "PostmanRuntime/7.30.0", "errors": "", "cost": 791}
2022-12-14T23:03:39.929+0800	INFO	/home/goproject/src/QAcommunity/controller/user.go:171	userID:78416220499968 revise his password
2022-12-14T23:03:39.929+0800	INFO	/home/goproject/src/QAcommunity/middleware/zap.go:26	/private/revisePwd	{"status": 200, "method": "PUT", "path": "/private/revisePwd", "query": "", "ip": "::1", "user-agent": "PostmanRuntime/7.30.0", "errors": "", "cost": 61335804}
2022-12-14T23:04:05.407+0800	INFO	/home/goproject/src/QAcommunity/controller/user.go:171	userID:78416220499968 revise his password
2022-12-14T23:04:05.407+0800	INFO	/home/goproject/src/QAcommunity/middleware/zap.go:26	/private/revisePwd	{"status": 200, "method": "PUT", "path": "/private/revisePwd", "query": "", "ip": "::1", "user-agent": "PostmanRuntime/7.30.0", "errors": "", "cost": 4408913}
2022-12-14T23:04:15.248+0800	INFO	/home/goproject/src/QAcommunity/controller/user.go:171	userID:78416220499968 revise his password
2022-12-14T23:04:15.248+0800	INFO	/home/goproject/src/QAcommunity/middleware/zap.go:26	/private/revisePwd	{"status": 200, "method": "PUT", "path": "/private/revisePwd", "query": "", "ip": "::1", "user-agent": "PostmanRuntime/7.30.0", "errors": "", "cost": 4007144}
2022-12-14T23:05:29.576+0800	INFO	/home/goproject/src/QAcommunity/services/boot/logger.go:34	init logger successfully
2022-12-14T23:05:29.590+0800	INFO	/home/goproject/src/QAcommunity/services/boot/database.go:38	connect mysql successfully
2022-12-14T23:05:31.260+0800	INFO	/home/goproject/src/QAcommunity/controller/user.go:171	userID:78416220499968 revise his password
2022-12-14T23:05:31.260+0800	INFO	/home/goproject/src/QAcommunity/middleware/zap.go:26	/private/revisePwd	{"status": 200, "method": "PUT", "path": "/private/revisePwd", "query": "", "ip": "::1", "user-agent": "PostmanRuntime/7.30.0", "errors": "", "cost": 12706816}
2022-12-14T23:05:33.252+0800	INFO	/home/goproject/src/QAcommunity/controller/user.go:171	userID:78416220499968 revise his password
2022-12-14T23:05:33.252+0800	INFO	/home/goproject/src/QAcommunity/middleware/zap.go:26	/private/revisePwd	{"status": 200, "method": "PUT", "path": "/private/revisePwd", "query": "", "ip": "::1", "user-agent": "PostmanRuntime/7.30.0", "errors": "", "cost": 4364051}
2022-12-14T23:05:34.945+0800	INFO	/home/goproject/src/QAcommunity/controller/user.go:171	userID:78416220499968 revise his password
2022-12-14T23:05:34.945+0800	INFO	/home/goproject/src/QAcommunity/middleware/zap.go:26	/private/revisePwd	{"status": 200, "method": "PUT", "path": "/private/revisePwd", "query": "", "ip": "::1", "user-agent": "PostmanRuntime/7.30.0", "errors": "", "cost": 4036894}
2022-12-14T23:08:31.478+0800	INFO	/home/goproject/src/QAcommunity/services/boot/logger.go:34	init logger successfully
2022-12-14T23:08:31.487+0800	INFO	/home/goproject/src/QAcommunity/services/boot/database.go:38	connect mysql successfully
2022-12-14T23:08:34.099+0800	INFO	/home/goproject/src/QAcommunity/middleware/zap.go:26	/private/revisePwd	{"status": 200, "method": "PUT", "path": "/private/revisePwd", "query": "", "ip": "::1", "user-agent": "PostmanRuntime/7.30.0", "errors": "", "cost": 3982085}
2022-12-14T23:08:54.426+0800	INFO	/home/goproject/src/QAcommunity/controller/user.go:171	userID:78416220499968 revise his password
2022-12-14T23:08:54.426+0800	INFO	/home/goproject/src/QAcommunity/middleware/zap.go:26	/private/revisePwd	{"status": 200, "method": "PUT", "path": "/private/revisePwd", "query": "", "ip": "::1", "user-agent": "PostmanRuntime/7.30.0", "errors": "", "cost": 23223213}
2022-12-14T23:08:58.837+0800	INFO	/home/goproject/src/QAcommunity/middleware/zap.go:26	/private/revisePwd	{"status": 200, "method": "PUT", "path": "/private/revisePwd", "query": "", "ip": "::1", "user-agent": "PostmanRuntime/7.30.0", "errors": "", "cost": 1530075}
2022-12-14T23:11:27.197+0800	INFO	/home/goproject/src/QAcommunity/services/boot/logger.go:34	init logger successfully
2022-12-14T23:11:27.202+0800	INFO	/home/goproject/src/QAcommunity/services/boot/database.go:38	connect mysql successfully
2022-12-14T23:11:34.012+0800	INFO	/home/goproject/src/QAcommunity/controller/user.go:179	userID:78416220499968 revise his password
2022-12-14T23:11:34.012+0800	INFO	/home/goproject/src/QAcommunity/middleware/zap.go:26	/private/revisePwd	{"status": 200, "method": "PUT", "path": "/private/revisePwd", "query": "", "ip": "::1", "user-agent": "PostmanRuntime/7.30.0", "errors": "", "cost": 11062294}
2022-12-14T23:11:51.423+0800	INFO	/home/goproject/src/QAcommunity/controller/user.go:179	userID:78416220499968 revise his password
2022-12-14T23:11:51.423+0800	INFO	/home/goproject/src/QAcommunity/middleware/zap.go:26	/private/revisePwd	{"status": 200, "method": "PUT", "path": "/private/revisePwd", "query": "", "ip": "::1", "user-agent": "PostmanRuntime/7.30.0", "errors": "", "cost": 6509072}
2022-12-14T23:12:04.100+0800	INFO	/home/goproject/src/QAcommunity/services/boot/logger.go:34	init logger successfully
2022-12-14T23:12:04.106+0800	INFO	/home/goproject/src/QAcommunity/services/boot/database.go:38	connect mysql successfully
2022-12-14T23:12:07.755+0800	INFO	/home/goproject/src/QAcommunity/middleware/zap.go:26	/private/revisePwd	{"status": 200, "method": "PUT", "path": "/private/revisePwd", "query": "", "ip": "::1", "user-agent": "PostmanRuntime/7.30.0", "errors": "", "cost": 1357910}
2022-12-14T23:12:10.529+0800	INFO	/home/goproject/src/QAcommunity/middleware/zap.go:26	/private/revisePwd	{"status": 200, "method": "PUT", "path": "/private/revisePwd", "query": "", "ip": "::1", "user-agent": "PostmanRuntime/7.30.0", "errors": "", "cost": 103460}
2022-12-14T23:12:11.089+0800	INFO	/home/goproject/src/QAcommunity/middleware/zap.go:26	/private/revisePwd	{"status": 200, "method": "PUT", "path": "/private/revisePwd", "query": "", "ip": "::1", "user-agent": "PostmanRuntime/7.30.0", "errors": "", "cost": 99793}
2022-12-14T23:12:11.481+0800	INFO	/home/goproject/src/QAcommunity/middleware/zap.go:26	/private/revisePwd	{"status": 200, "method": "PUT", "path": "/private/revisePwd", "query": "", "ip": "::1", "user-agent": "PostmanRuntime/7.30.0", "errors": "", "cost": 106936}
2022-12-14T23:12:11.895+0800	INFO	/home/goproject/src/QAcommunity/middleware/zap.go:26	/private/revisePwd	{"status": 200, "method": "PUT", "path": "/private/revisePwd", "query": "", "ip": "::1", "user-agent": "PostmanRuntime/7.30.0", "errors": "", "cost": 106325}
2022-12-14T23:18:44.210+0800	INFO	/home/goproject/src/QAcommunity/services/boot/logger.go:34	init logger successfully
2022-12-14T23:18:44.221+0800	INFO	/home/goproject/src/QAcommunity/services/boot/database.go:38	connect mysql successfully
2022-12-15T22:57:46.813+0800	INFO	/home/goproject/src/QAcommunity/services/boot/logger.go:34	init logger successfully
2022-12-15T22:57:46.818+0800	FATAL	/home/goproject/src/QAcommunity/services/boot/database.go:34	connect mysql failed
2022-12-15T22:58:02.132+0800	INFO	/home/goproject/src/QAcommunity/services/boot/logger.go:34	init logger successfully
2022-12-15T22:58:02.152+0800	INFO	/home/goproject/src/QAcommunity/services/boot/database.go:38	connect mysql successfully
2022-12-16T01:07:51.919+0800	INFO	/home/goproject/src/QAcommunity/services/boot/logger.go:34	init logger successfully
2022-12-16T01:07:51.920+0800	FATAL	/home/goproject/src/QAcommunity/services/boot/database.go:34	connect mysql failed
2022-12-16T01:08:19.623+0800	INFO	/home/goproject/src/QAcommunity/services/boot/logger.go:34	init logger successfully
2022-12-16T01:08:19.690+0800	INFO	/home/goproject/src/QAcommunity/services/boot/database.go:38	connect mysql successfully
2022-12-16T01:08:22.201+0800	INFO	/home/goproject/src/QAcommunity/middleware/zap.go:26	/api/public/enroll	{"status": 200, "method": "POST", "path": "/api/public/enroll", "query": "", "ip": "::1", "user-agent": "PostmanRuntime/7.30.0", "errors": "", "cost": 141611}
2022-12-16T01:09:11.871+0800	INFO	/home/goproject/src/QAcommunity/controller/user.go:71	user:tom enroll 
2022-12-16T01:09:11.871+0800	INFO	/home/goproject/src/QAcommunity/middleware/zap.go:26	/api/public/enroll	{"status": 200, "method": "POST", "path": "/api/public/enroll", "query": "", "ip": "::1", "user-agent": "PostmanRuntime/7.30.0", "errors": "", "cost": 75416790}
2022-12-16T01:09:19.266+0800	INFO	/home/goproject/src/QAcommunity/middleware/zap.go:26	/api/public/enroll	{"status": 200, "method": "POST", "path": "/api/public/enroll", "query": "", "ip": "::1", "user-agent": "PostmanRuntime/7.30.0", "errors": "", "cost": 6449617}
2022-12-16T01:09:45.335+0800	INFO	/home/goproject/src/QAcommunity/controller/user.go:71	user:jane enroll 
2022-12-16T01:09:45.335+0800	INFO	/home/goproject/src/QAcommunity/middleware/zap.go:26	/api/public/enroll	{"status": 200, "method": "POST", "path": "/api/public/enroll", "query": "", "ip": "::1", "user-agent": "PostmanRuntime/7.30.0", "errors": "", "cost": 16896517}
2022-12-16T01:11:08.459+0800	INFO	/home/goproject/src/QAcommunity/controller/user.go:116	user:tom login
2022-12-16T01:11:08.459+0800	INFO	/home/goproject/src/QAcommunity/middleware/zap.go:26	/api/public/login	{"status": 200, "method": "POST", "path": "/api/public/login", "query": "", "ip": "::1", "user-agent": "PostmanRuntime/7.30.0", "errors": "", "cost": 18110230}
2022-12-16T01:14:28.805+0800	INFO	/home/goproject/src/QAcommunity/middleware/zap.go:26	/api/private/revisePwd	{"status": 404, "method": "GET", "path": "/api/private/revisePwd", "query": "", "ip": "::1", "user-agent": "PostmanRuntime/7.30.0", "errors": "", "cost": 891}
2022-12-16T01:14:55.038+0800	INFO	/home/goproject/src/QAcommunity/controller/user.go:180	userID:485498404974592 revise his password
2022-12-16T01:14:55.038+0800	INFO	/home/goproject/src/QAcommunity/middleware/zap.go:26	/api/private/revisePwd	{"status": 200, "method": "PUT", "path": "/api/private/revisePwd", "query": "", "ip": "::1", "user-agent": "PostmanRuntime/7.30.0", "errors": "", "cost": 29349616}
2022-12-16T01:18:50.604+0800	INFO	/home/goproject/src/QAcommunity/controller/post.go:132	userid:485498404974592 publish a post
2022-12-16T01:18:50.604+0800	INFO	/home/goproject/src/QAcommunity/middleware/zap.go:26	/api/private/post	{"status": 200, "method": "POST", "path": "/api/private/post", "query": "", "ip": "::1", "user-agent": "PostmanRuntime/7.30.0", "errors": "", "cost": 28300177}
2022-12-16T01:22:37.251+0800	WARN	/home/goproject/src/QAcommunity/controller/post.go:190	an error occurred while update post  error:Error 1062 (23000): Duplicate entry '487925816471552' for key 'posts.idx_post_id'
2022-12-16T01:22:37.252+0800	INFO	/home/goproject/src/QAcommunity/middleware/zap.go:26	/api/private/post	{"status": 500, "method": "PUT", "path": "/api/private/post", "query": "", "ip": "::1", "user-agent": "PostmanRuntime/7.30.0", "errors": "", "cost": 20909019}
2022-12-16T01:26:50.141+0800	INFO	/home/goproject/src/QAcommunity/services/boot/logger.go:34	init logger successfully
2022-12-16T01:26:50.145+0800	INFO	/home/goproject/src/QAcommunity/services/boot/database.go:38	connect mysql successfully
2022-12-16T01:26:52.913+0800	WARN	/home/goproject/src/QAcommunity/controller/post.go:190	an error occurred while update post  error:WHERE conditions required
2022-12-16T01:26:52.913+0800	INFO	/home/goproject/src/QAcommunity/middleware/zap.go:26	/api/private/post	{"status": 500, "method": "PUT", "path": "/api/private/post", "query": "", "ip": "::1", "user-agent": "PostmanRuntime/7.30.0", "errors": "", "cost": 5682498}
2022-12-16T01:27:32.737+0800	INFO	/home/goproject/src/QAcommunity/services/boot/logger.go:34	init logger successfully
2022-12-16T01:27:32.747+0800	INFO	/home/goproject/src/QAcommunity/services/boot/database.go:38	connect mysql successfully
2022-12-16T01:27:34.049+0800	INFO	/home/goproject/src/QAcommunity/services/boot/logger.go:34	init logger successfully
2022-12-16T01:27:34.054+0800	INFO	/home/goproject/src/QAcommunity/services/boot/database.go:38	connect mysql successfully
2022-12-16T01:27:34.054+0800	FATAL	/home/goproject/src/QAcommunity/services/boot/routers.go:41	boot service failed err:listen tcp :8080: bind: address already in use
2022-12-16T01:27:35.784+0800	INFO	/home/goproject/src/QAcommunity/controller/post.go:198	userid:485498404974592 update postid:487925816471552
2022-12-16T01:27:35.784+0800	INFO	/home/goproject/src/QAcommunity/middleware/zap.go:26	/api/private/post	{"status": 200, "method": "PUT", "path": "/api/private/post", "query": "", "ip": "::1", "user-agent": "PostmanRuntime/7.30.0", "errors": "", "cost": 23249324}
2022-12-16T01:30:29.511+0800	INFO	/home/goproject/src/QAcommunity/controller/post.go:235	userID:485498404974592 delete postID:487925816471552
2022-12-16T01:30:29.511+0800	INFO	/home/goproject/src/QAcommunity/middleware/zap.go:26	/api/private/post	{"status": 200, "method": "DELETE", "path": "/api/private/post", "query": "", "ip": "::1", "user-agent": "PostmanRuntime/7.30.0", "errors": "", "cost": 24438043}
2022-12-16T01:31:51.035+0800	ERROR	/home/goproject/src/QAcommunity/middleware/zap.go:69	[Recovery from panic]	{"error": "reflect: reflect.Value.Set using unaddressable value", "request": "GET /api/public/postTitle HTTP/1.1\r\nHost: localhost:8080\r\nAccept: */*\r\nAccept-Encoding: gzip, deflate, br\r\nConnection: keep-alive\r\nPostman-Token: 97e2c027-2b1f-4d83-b5fe-046f2e44f42c\r\nUser-Agent: PostmanRuntime/7.30.0\r\n\r\n", "stack": "goroutine 67 [running]:\nruntime/debug.Stack()\n\t/usr/local/go/src/runtime/debug/stack.go:24 +0x7a\nmain/middleware.GinRecovery.func1.1()\n\t/home/goproject/src/QAcommunity/middleware/zap.go:72 +0x6d0\npanic({0xdb35c0, 0xc000514240})\n\t/usr/local/go/src/runtime/panic.go:890 +0x267\nreflect.flag.mustBeAssignableSlow(0x97)\n\t/usr/local/go/src/reflect/value.go:260 +0xbd\nreflect.flag.mustBeAssignable(0x97)\n\t/usr/local/go/src/reflect/value.go:247 +0x4e\nreflect.Value.Set({0xda9480, 0xc00008a048, 0x97}, {0xda9480, 0xc000012090, 0x97})\n\t/usr/local/go/src/reflect/value.go:2154 +0x45\ngorm.io/gorm.Scan({0xf28a30, 0xc000120080}, 0xc000186090, 0x0)\n\t/home/goproject/pkg/mod/gorm.io/gorm@v1.24.2/scan.go:253 +0x152f\ngorm.io/gorm/callbacks.Query(0xc000186090)\n\t/home/goproject/pkg/mod/gorm.io/gorm@v1.24.2/callbacks/query.go:26 +0x2ac\ngorm.io/gorm.(*processor).Execute(0xc000486aa0, 0xc000186090)\n\t/home/goproject/pkg/mod/gorm.io/gorm@v1.24.2/callbacks.go:130 +0x692\ngorm.io/gorm.(*DB).Find(0xc000186090, {0xda9480, 0xc00008a048}, {0x0, 0x0, 0x0})\n\t/home/goproject/pkg/mod/gorm.io/gorm@v1.24.2/finisher_api.go:170 +0x294\nmain/dao/mysql.GetAllPostTitle({0x12e3c98, 0x0, 0x0})\n\t/home/goproject/src/QAcommunity/dao/mysql/post.go:9 +0x8a\nmain/services.GetAllPostTitle()\n\t/home/goproject/src/QAcommunity/services/post.go:12 +0x65\nmain/controller.GetAllPostsTitle(0xc000540200)\n\t/home/goproject/src/QAcommunity/controller/post.go:14 +0x45\ngithub.com/gin-gonic/gin.(*Context).Next(0xc000540200)\n\t/home/goproject/pkg/mod/github.com/gin-gonic/gin@v1.8.1/context.go:173 +0x7d\nmain/middleware.GinRecovery.func1(0xc000540200)\n\t/home/goproject/src/QAcommunity/middleware/zap.go:83 +0xbe\ngithub.com/gin-gonic/gin.(*Context).Next(0xc000540200)\n\t/home/goproject/pkg/mod/github.com/gin-gonic/gin@v1.8.1/context.go:173 +0x7d\nmain/middleware.GinLogger.func1(0xc000540200)\n\t/home/goproject/src/QAcommunity/middleware/zap.go:23 +0xb4\ngithub.com/gin-gonic/gin.(*Context).Next(0xc000540200)\n\t/home/goproject/pkg/mod/github.com/gin-gonic/gin@v1.8.1/context.go:173 +0x7d\ngithub.com/gin-gonic/gin.(*Engine).handleHTTPRequest(0xc000502d00, 0xc000540200)\n\t/home/goproject/pkg/mod/github.com/gin-gonic/gin@v1.8.1/gin.go:616 +0x434\ngithub.com/gin-gonic/gin.(*Engine).ServeHTTP(0xc000502d00, {0xf268a0, 0xc0000e41c0}, 0xc000138200)\n\t/home/goproject/pkg/mod/github.com/gin-gonic/gin@v1.8.1/gin.go:572 +0xc5\nnet/http.serverHandler.ServeHTTP({0xc000116000}, {0xf268a0, 0xc0000e41c0}, 0xc000138200)\n\t/usr/local/go/src/net/http/server.go:2947 +0x474\nnet/http.(*conn).serve(0xc0000f6280, {0xf27430, 0xc0004246c0})\n\t/usr/local/go/src/net/http/server.go:1991 +0x195c\ncreated by net/http.(*Server).Serve\n\t/usr/local/go/src/net/http/server.go:3102 +0x9e5\n"}
2022-12-16T01:31:51.035+0800	INFO	/home/goproject/src/QAcommunity/middleware/zap.go:26	/api/public/postTitle	{"status": 500, "method": "GET", "path": "/api/public/postTitle", "query": "", "ip": "::1", "user-agent": "PostmanRuntime/7.30.0", "errors": "", "cost": 2047259}
2022-12-16T01:32:00.416+0800	INFO	/home/goproject/src/QAcommunity/services/boot/logger.go:34	init logger successfully
2022-12-16T01:32:00.420+0800	INFO	/home/goproject/src/QAcommunity/services/boot/database.go:38	connect mysql successfully
2022-12-16T01:32:00.421+0800	FATAL	/home/goproject/src/QAcommunity/services/boot/routers.go:41	boot service failed err:listen tcp :8080: bind: address already in use
2022-12-16T01:32:04.587+0800	INFO	/home/goproject/src/QAcommunity/services/boot/logger.go:34	init logger successfully
2022-12-16T01:32:04.589+0800	INFO	/home/goproject/src/QAcommunity/services/boot/database.go:38	connect mysql successfully
2022-12-16T01:32:04.589+0800	FATAL	/home/goproject/src/QAcommunity/services/boot/routers.go:41	boot service failed err:listen tcp :8080: bind: address already in use
2022-12-16T01:32:46.064+0800	INFO	/home/goproject/src/QAcommunity/services/boot/logger.go:34	init logger successfully
2022-12-16T01:32:46.067+0800	INFO	/home/goproject/src/QAcommunity/services/boot/database.go:38	connect mysql successfully
2022-12-16T01:32:46.068+0800	FATAL	/home/goproject/src/QAcommunity/services/boot/routers.go:41	boot service failed err:listen tcp :8080: bind: address already in use
2022-12-16T01:33:02.054+0800	ERROR	/home/goproject/src/QAcommunity/middleware/zap.go:69	[Recovery from panic]	{"error": "reflect: reflect.Value.Set using unaddressable value", "request": "GET /api/public/postTitle HTTP/1.1\r\nHost: localhost:8080\r\nAccept: */*\r\nAccept-Encoding: gzip, deflate, br\r\nConnection: keep-alive\r\nPostman-Token: 9cb2dd20-3167-4a0a-869c-b500b5a299a6\r\nUser-Agent: PostmanRuntime/7.30.0\r\n\r\n", "stack": "goroutine 67 [running]:\nruntime/debug.Stack()\n\t/usr/local/go/src/runtime/debug/stack.go:24 +0x7a\nmain/middleware.GinRecovery.func1.1()\n\t/home/goproject/src/QAcommunity/middleware/zap.go:72 +0x6d0\npanic({0xdb35c0, 0xc000024420})\n\t/usr/local/go/src/runtime/panic.go:890 +0x267\nreflect.flag.mustBeAssignableSlow(0x97)\n\t/usr/local/go/src/reflect/value.go:260 +0xbd\nreflect.flag.mustBeAssignable(0x97)\n\t/usr/local/go/src/reflect/value.go:247 +0x4e\nreflect.Value.Set({0xda9480, 0xc00008a078, 0x97}, {0xda9480, 0xc00008a090, 0x97})\n\t/usr/local/go/src/reflect/value.go:2154 +0x45\ngorm.io/gorm.Scan({0xf28a30, 0xc000032200}, 0xc0001c01b0, 0x0)\n\t/home/goproject/pkg/mod/gorm.io/gorm@v1.24.2/scan.go:253 +0x152f\ngorm.io/gorm/callbacks.Query(0xc0001c01b0)\n\t/home/goproject/pkg/mod/gorm.io/gorm@v1.24.2/callbacks/query.go:26 +0x2ac\ngorm.io/gorm.(*processor).Execute(0xc000486aa0, 0xc0001c01b0)\n\t/home/goproject/pkg/mod/gorm.io/gorm@v1.24.2/callbacks.go:130 +0x692\ngorm.io/gorm.(*DB).Find(0xc0001c01b0, {0xda9480, 0xc00008a078}, {0x0, 0x0, 0x0})\n\t/home/goproject/pkg/mod/gorm.io/gorm@v1.24.2/finisher_api.go:170 +0x294\nmain/dao/mysql.GetAllPostTitle({0x12e3c98, 0x0, 0x0})\n\t/home/goproject/src/QAcommunity/dao/mysql/post.go:9 +0x8a\nmain/services.GetAllPostTitle()\n\t/home/goproject/src/QAcommunity/services/post.go:12 +0x65\nmain/controller.GetAllPostsTitle(0xc000540000)\n\t/home/goproject/src/QAcommunity/controller/post.go:14 +0x45\ngithub.com/gin-gonic/gin.(*Context).Next(0xc000540000)\n\t/home/goproject/pkg/mod/github.com/gin-gonic/gin@v1.8.1/context.go:173 +0x7d\nmain/middleware.GinRecovery.func1(0xc000540000)\n\t/home/goproject/src/QAcommunity/middleware/zap.go:83 +0xbe\ngithub.com/gin-gonic/gin.(*Context).Next(0xc000540000)\n\t/home/goproject/pkg/mod/github.com/gin-gonic/gin@v1.8.1/context.go:173 +0x7d\nmain/middleware.GinLogger.func1(0xc000540000)\n\t/home/goproject/src/QAcommunity/middleware/zap.go:23 +0xb4\ngithub.com/gin-gonic/gin.(*Context).Next(0xc000540000)\n\t/home/goproject/pkg/mod/github.com/gin-gonic/gin@v1.8.1/context.go:173 +0x7d\ngithub.com/gin-gonic/gin.(*Engine).handleHTTPRequest(0xc000502d00, 0xc000540000)\n\t/home/goproject/pkg/mod/github.com/gin-gonic/gin@v1.8.1/gin.go:616 +0x434\ngithub.com/gin-gonic/gin.(*Engine).ServeHTTP(0xc000502d00, {0xf268a0, 0xc0001ee380}, 0xc000138300)\n\t/home/goproject/pkg/mod/github.com/gin-gonic/gin@v1.8.1/gin.go:572 +0xc5\nnet/http.serverHandler.ServeHTTP({0xc000116000}, {0xf268a0, 0xc0001ee380}, 0xc000138300)\n\t/usr/local/go/src/net/http/server.go:2947 +0x474\nnet/http.(*conn).serve(0xc0000f6280, {0xf27430, 0xc0004246c0})\n\t/usr/local/go/src/net/http/server.go:1991 +0x195c\ncreated by net/http.(*Server).Serve\n\t/usr/local/go/src/net/http/server.go:3102 +0x9e5\n"}
2022-12-16T01:33:02.055+0800	INFO	/home/goproject/src/QAcommunity/middleware/zap.go:26	/api/public/postTitle	{"status": 500, "method": "GET", "path": "/api/public/postTitle", "query": "", "ip": "::1", "user-agent": "PostmanRuntime/7.30.0", "errors": "", "cost": 1124503}
2022-12-16T01:33:52.676+0800	INFO	/home/goproject/src/QAcommunity/services/boot/logger.go:34	init logger successfully
2022-12-16T01:33:52.678+0800	INFO	/home/goproject/src/QAcommunity/services/boot/database.go:38	connect mysql successfully
2022-12-16T01:33:52.682+0800	FATAL	/home/goproject/src/QAcommunity/services/boot/routers.go:41	boot service failed err:listen tcp :8080: bind: address already in use
2022-12-16T01:34:04.723+0800	ERROR	/home/goproject/src/QAcommunity/middleware/zap.go:69	[Recovery from panic]	{"error": "reflect: reflect.Value.Set using unaddressable value", "request": "GET /api/public/postTitle HTTP/1.1\r\nHost: localhost:8080\r\nAccept: */*\r\nAccept-Encoding: gzip, deflate, br\r\nConnection: keep-alive\r\nPostman-Token: 08dc5c37-4754-47a6-ae1e-ca4f0f1a1fc9\r\nUser-Agent: PostmanRuntime/7.30.0\r\n\r\n", "stack": "goroutine 67 [running]:\nruntime/debug.Stack()\n\t/usr/local/go/src/runtime/debug/stack.go:24 +0x7a\nmain/middleware.GinRecovery.func1.1()\n\t/home/goproject/src/QAcommunity/middleware/zap.go:72 +0x6d0\npanic({0xdb35c0, 0xc000024440})\n\t/usr/local/go/src/runtime/panic.go:890 +0x267\nreflect.flag.mustBeAssignableSlow(0x97)\n\t/usr/local/go/src/reflect/value.go:260 +0xbd\nreflect.flag.mustBeAssignable(0x97)\n\t/usr/local/go/src/reflect/value.go:247 +0x4e\nreflect.Value.Set({0xda9480, 0xc00008a048, 0x97}, {0xda9480, 0xc00008a078, 0x97})\n\t/usr/local/go/src/reflect/value.go:2154 +0x45\ngorm.io/gorm.Scan({0xf28a30, 0xc000032100}, 0xc0001c0450, 0x0)\n\t/home/goproject/pkg/mod/gorm.io/gorm@v1.24.2/scan.go:253 +0x152f\ngorm.io/gorm/callbacks.Query(0xc0001c0450)\n\t/home/goproject/pkg/mod/gorm.io/gorm@v1.24.2/callbacks/query.go:26 +0x2ac\ngorm.io/gorm.(*processor).Execute(0xc000486aa0, 0xc0001c0450)\n\t/home/goproject/pkg/mod/gorm.io/gorm@v1.24.2/callbacks.go:130 +0x692\ngorm.io/gorm.(*DB).Find(0xc0001c0450, {0xda9480, 0xc00008a048}, {0x0, 0x0, 0x0})\n\t/home/goproject/pkg/mod/gorm.io/gorm@v1.24.2/finisher_api.go:170 +0x294\nmain/dao/mysql.GetAllPostTitle({0x12e3c98, 0x0, 0x0})\n\t/home/goproject/src/QAcommunity/dao/mysql/post.go:9 +0x8a\nmain/services.GetAllPostTitle()\n\t/home/goproject/src/QAcommunity/services/post.go:12 +0x65\nmain/controller.GetAllPostsTitle(0xc000540000)\n\t/home/goproject/src/QAcommunity/controller/post.go:14 +0x45\ngithub.com/gin-gonic/gin.(*Context).Next(0xc000540000)\n\t/home/goproject/pkg/mod/github.com/gin-gonic/gin@v1.8.1/context.go:173 +0x7d\nmain/middleware.GinRecovery.func1(0xc000540000)\n\t/home/goproject/src/QAcommunity/middleware/zap.go:83 +0xbe\ngithub.com/gin-gonic/gin.(*Context).Next(0xc000540000)\n\t/home/goproject/pkg/mod/github.com/gin-gonic/gin@v1.8.1/context.go:173 +0x7d\nmain/middleware.GinLogger.func1(0xc000540000)\n\t/home/goproject/src/QAcommunity/middleware/zap.go:23 +0xb4\ngithub.com/gin-gonic/gin.(*Context).Next(0xc000540000)\n\t/home/goproject/pkg/mod/github.com/gin-gonic/gin@v1.8.1/context.go:173 +0x7d\ngithub.com/gin-gonic/gin.(*Engine).handleHTTPRequest(0xc000502d00, 0xc000540000)\n\t/home/goproject/pkg/mod/github.com/gin-gonic/gin@v1.8.1/gin.go:616 +0x434\ngithub.com/gin-gonic/gin.(*Engine).ServeHTTP(0xc000502d00, {0xf268a0, 0xc0001ee2a0}, 0xc000540300)\n\t/home/goproject/pkg/mod/github.com/gin-gonic/gin@v1.8.1/gin.go:572 +0xc5\nnet/http.serverHandler.ServeHTTP({0xc000116000}, {0xf268a0, 0xc0001ee2a0}, 0xc000540300)\n\t/usr/local/go/src/net/http/server.go:2947 +0x474\nnet/http.(*conn).serve(0xc0000f6280, {0xf27430, 0xc0004246c0})\n\t/usr/local/go/src/net/http/server.go:1991 +0x195c\ncreated by net/http.(*Server).Serve\n\t/usr/local/go/src/net/http/server.go:3102 +0x9e5\n"}
2022-12-16T01:34:04.724+0800	INFO	/home/goproject/src/QAcommunity/middleware/zap.go:26	/api/public/postTitle	{"status": 500, "method": "GET", "path": "/api/public/postTitle", "query": "", "ip": "::1", "user-agent": "PostmanRuntime/7.30.0", "errors": "", "cost": 1159339}
2022-12-16T01:35:26.967+0800	INFO	/home/goproject/src/QAcommunity/services/boot/logger.go:34	init logger successfully
2022-12-16T01:35:26.970+0800	INFO	/home/goproject/src/QAcommunity/services/boot/database.go:38	connect mysql successfully
2022-12-16T01:35:26.971+0800	FATAL	/home/goproject/src/QAcommunity/services/boot/routers.go:41	boot service failed err:listen tcp :8080: bind: address already in use
2022-12-16T01:35:46.535+0800	INFO	/home/goproject/src/QAcommunity/services/boot/logger.go:34	init logger successfully
2022-12-16T01:35:46.537+0800	INFO	/home/goproject/src/QAcommunity/services/boot/database.go:38	connect mysql successfully
2022-12-16T01:36:02.094+0800	ERROR	/home/goproject/src/QAcommunity/middleware/zap.go:69	[Recovery from panic]	{"error": "reflect: reflect.Value.Set using unaddressable value", "request": "GET /api/public/postTitle HTTP/1.1\r\nHost: localhost:8080\r\nAccept: */*\r\nAccept-Encoding: gzip, deflate, br\r\nConnection: keep-alive\r\nPostman-Token: 2c008dc5-f78c-4485-9307-92fef73f0e86\r\nUser-Agent: PostmanRuntime/7.30.0\r\n\r\n", "stack": "goroutine 15 [running]:\nruntime/debug.Stack()\n\t/usr/local/go/src/runtime/debug/stack.go:24 +0x65\nmain/middleware.GinRecovery.func1.1()\n\t/home/goproject/src/QAcommunity/middleware/zap.go:72 +0x2d9\npanic({0xa7d8e0, 0xc000593d30})\n\t/usr/local/go/src/runtime/panic.go:884 +0x212\nreflect.flag.mustBeAssignableSlow(0x5a0?)\n\t/usr/local/go/src/reflect/value.go:260 +0x85\nreflect.flag.mustBeAssignable(...)\n\t/usr/local/go/src/reflect/value.go:247\nreflect.Value.Set({0xa73920?, 0xc000128420?, 0x0?}, {0xa73920?, 0xc000128660?, 0x203000?})\n\t/usr/local/go/src/reflect/value.go:2154 +0x6a\ngorm.io/gorm.Scan({0xc6d4f0, 0xc000032f00}, 0xc0001a2600, 0x0)\n\t/home/goproject/pkg/mod/gorm.io/gorm@v1.24.2/scan.go:253 +0xcf6\ngorm.io/gorm/callbacks.Query(0xc0001a2600)\n\t/home/goproject/pkg/mod/gorm.io/gorm@v1.24.2/callbacks/query.go:26 +0x105\ngorm.io/gorm.(*processor).Execute(0xc000598be0, 0xc0001a2030?)\n\t/home/goproject/pkg/mod/gorm.io/gorm@v1.24.2/callbacks.go:130 +0x436\ngorm.io/gorm.(*DB).Find(0x1098c58?, {0xa73920?, 0xc000128420}, {0x0, 0x0, 0x0})\n\t/home/goproject/pkg/mod/gorm.io/gorm@v1.24.2/finisher_api.go:170 +0x134\nmain/dao/mysql.GetAllPostTitle({0x1098c58, 0x0, 0x0})\n\t/home/goproject/src/QAcommunity/dao/mysql/post.go:9 +0x85\nmain/services.GetAllPostTitle()\n\t/home/goproject/src/QAcommunity/services/post.go:12 +0x33\nmain/controller.GetAllPostsTitle(0x0?)\n\t/home/goproject/src/QAcommunity/controller/post.go:14 +0x30\ngithub.com/gin-gonic/gin.(*Context).Next(...)\n\t/home/goproject/pkg/mod/github.com/gin-gonic/gin@v1.8.1/context.go:173\nmain/middleware.GinRecovery.func1(0xc0000ae700)\n\t/home/goproject/src/QAcommunity/middleware/zap.go:83 +0x88\ngithub.com/gin-gonic/gin.(*Context).Next(...)\n\t/home/goproject/pkg/mod/github.com/gin-gonic/gin@v1.8.1/context.go:173\nmain/middleware.GinLogger.func1(0xc0000ae700)\n\t/home/goproject/src/QAcommunity/middleware/zap.go:23 +0xb1\ngithub.com/gin-gonic/gin.(*Context).Next(...)\n\t/home/goproject/pkg/mod/github.com/gin-gonic/gin@v1.8.1/context.go:173\ngithub.com/gin-gonic/gin.(*Engine).handleHTTPRequest(0xc000488000, 0xc0000ae700)\n\t/home/goproject/pkg/mod/github.com/gin-gonic/gin@v1.8.1/gin.go:616 +0x671\ngithub.com/gin-gonic/gin.(*Engine).ServeHTTP(0xc000488000, {0xc6b3b0?, 0xc0005a4380}, 0xc0000ae600)\n\t/home/goproject/pkg/mod/github.com/gin-gonic/gin@v1.8.1/gin.go:572 +0x1dd\nnet/http.serverHandler.ServeHTTP({0xc0001a2330?}, {0xc6b3b0, 0xc0005a4380}, 0xc0000ae600)\n\t/usr/local/go/src/net/http/server.go:2947 +0x30c\nnet/http.(*conn).serve(0xc0004a9c20, {0xc6bf80, 0xc0001dc750})\n\t/usr/local/go/src/net/http/server.go:1991 +0x607\ncreated by net/http.(*Server).Serve\n\t/usr/local/go/src/net/http/server.go:3102 +0x4db\n"}
2022-12-16T01:36:02.094+0800	INFO	/home/goproject/src/QAcommunity/middleware/zap.go:26	/api/public/postTitle	{"status": 500, "method": "GET", "path": "/api/public/postTitle", "query": "", "ip": "::1", "user-agent": "PostmanRuntime/7.30.0", "errors": "", "cost": 6006029}
2022-12-16T01:36:07.024+0800	ERROR	/home/goproject/src/QAcommunity/middleware/zap.go:69	[Recovery from panic]	{"error": "reflect: reflect.Value.Set using unaddressable value", "request": "GET /api/public/postTitle HTTP/1.1\r\nHost: localhost:8080\r\nAccept: */*\r\nAccept-Encoding: gzip, deflate, br\r\nConnection: keep-alive\r\nPostman-Token: cef046b8-8de3-4162-b604-f1c176b51f8b\r\nUser-Agent: PostmanRuntime/7.30.0\r\n\r\n", "stack": "goroutine 15 [running]:\nruntime/debug.Stack()\n\t/usr/local/go/src/runtime/debug/stack.go:24 +0x65\nmain/middleware.GinRecovery.func1.1()\n\t/home/goproject/src/QAcommunity/middleware/zap.go:72 +0x2d9\npanic({0xa7d8e0, 0xc000593ec0})\n\t/usr/local/go/src/runtime/panic.go:884 +0x212\nreflect.flag.mustBeAssignableSlow(0x5a0?)\n\t/usr/local/go/src/reflect/value.go:260 +0x85\nreflect.flag.mustBeAssignable(...)\n\t/usr/local/go/src/reflect/value.go:247\nreflect.Value.Set({0xa73920?, 0xc000128690?, 0x0?}, {0xa73920?, 0xc0001286a8?, 0x203000?})\n\t/usr/local/go/src/reflect/value.go:2154 +0x6a\ngorm.io/gorm.Scan({0xc6d4f0, 0xc000033000}, 0xc0001a3230, 0x0)\n\t/home/goproject/pkg/mod/gorm.io/gorm@v1.24.2/scan.go:253 +0xcf6\ngorm.io/gorm/callbacks.Query(0xc0001a3230)\n\t/home/goproject/pkg/mod/gorm.io/gorm@v1.24.2/callbacks/query.go:26 +0x105\ngorm.io/gorm.(*processor).Execute(0xc000598be0, 0xc0001a2030?)\n\t/home/goproject/pkg/mod/gorm.io/gorm@v1.24.2/callbacks.go:130 +0x436\ngorm.io/gorm.(*DB).Find(0x1098c58?, {0xa73920?, 0xc000128690}, {0x0, 0x0, 0x0})\n\t/home/goproject/pkg/mod/gorm.io/gorm@v1.24.2/finisher_api.go:170 +0x134\nmain/dao/mysql.GetAllPostTitle({0x1098c58, 0x0, 0x0})\n\t/home/goproject/src/QAcommunity/dao/mysql/post.go:9 +0x85\nmain/services.GetAllPostTitle()\n\t/home/goproject/src/QAcommunity/services/post.go:12 +0x33\nmain/controller.GetAllPostsTitle(0x0?)\n\t/home/goproject/src/QAcommunity/controller/post.go:14 +0x30\ngithub.com/gin-gonic/gin.(*Context).Next(...)\n\t/home/goproject/pkg/mod/github.com/gin-gonic/gin@v1.8.1/context.go:173\nmain/middleware.GinRecovery.func1(0xc0000ae700)\n\t/home/goproject/src/QAcommunity/middleware/zap.go:83 +0x88\ngithub.com/gin-gonic/gin.(*Context).Next(...)\n\t/home/goproject/pkg/mod/github.com/gin-gonic/gin@v1.8.1/context.go:173\nmain/middleware.GinLogger.func1(0xc0000ae700)\n\t/home/goproject/src/QAcommunity/middleware/zap.go:23 +0xb1\ngithub.com/gin-gonic/gin.(*Context).Next(...)\n\t/home/goproject/pkg/mod/github.com/gin-gonic/gin@v1.8.1/context.go:173\ngithub.com/gin-gonic/gin.(*Engine).handleHTTPRequest(0xc000488000, 0xc0000ae700)\n\t/home/goproject/pkg/mod/github.com/gin-gonic/gin@v1.8.1/gin.go:616 +0x671\ngithub.com/gin-gonic/gin.(*Engine).ServeHTTP(0xc000488000, {0xc6b3b0?, 0xc0005a4460}, 0xc0000ae800)\n\t/home/goproject/pkg/mod/github.com/gin-gonic/gin@v1.8.1/gin.go:572 +0x1dd\nnet/http.serverHandler.ServeHTTP({0xc0001a2330?}, {0xc6b3b0, 0xc0005a4460}, 0xc0000ae800)\n\t/usr/local/go/src/net/http/server.go:2947 +0x30c\nnet/http.(*conn).serve(0xc0004a9c20, {0xc6bf80, 0xc0001dc750})\n\t/usr/local/go/src/net/http/server.go:1991 +0x607\ncreated by net/http.(*Server).Serve\n\t/usr/local/go/src/net/http/server.go:3102 +0x4db\n"}
2022-12-16T01:36:07.024+0800	INFO	/home/goproject/src/QAcommunity/middleware/zap.go:26	/api/public/postTitle	{"status": 500, "method": "GET", "path": "/api/public/postTitle", "query": "", "ip": "::1", "user-agent": "PostmanRuntime/7.30.0", "errors": "", "cost": 884074}
2022-12-16T01:36:07.707+0800	ERROR	/home/goproject/src/QAcommunity/middleware/zap.go:69	[Recovery from panic]	{"error": "reflect: reflect.Value.Set using unaddressable value", "request": "GET /api/public/postTitle HTTP/1.1\r\nHost: localhost:8080\r\nAccept: */*\r\nAccept-Encoding: gzip, deflate, br\r\nConnection: keep-alive\r\nPostman-Token: f52b4e8c-9d5d-4fd6-85f4-e21996707c1d\r\nUser-Agent: PostmanRuntime/7.30.0\r\n\r\n", "stack": "goroutine 15 [running]:\nruntime/debug.Stack()\n\t/usr/local/go/src/runtime/debug/stack.go:24 +0x65\nmain/middleware.GinRecovery.func1.1()\n\t/home/goproject/src/QAcommunity/middleware/zap.go:72 +0x2d9\npanic({0xa7d8e0, 0xc0004620f0})\n\t/usr/local/go/src/runtime/panic.go:884 +0x212\nreflect.flag.mustBeAssignableSlow(0x5a0?)\n\t/usr/local/go/src/reflect/value.go:260 +0x85\nreflect.flag.mustBeAssignable(...)\n\t/usr/local/go/src/reflect/value.go:247\nreflect.Value.Set({0xa73920?, 0xc0001286c0?, 0x0?}, {0xa73920?, 0xc0005b4060?, 0x203000?})\n\t/usr/local/go/src/reflect/value.go:2154 +0x6a\ngorm.io/gorm.Scan({0xc6d4f0, 0xc00053a200}, 0xc0001a3650, 0x0)\n\t/home/goproject/pkg/mod/gorm.io/gorm@v1.24.2/scan.go:253 +0xcf6\ngorm.io/gorm/callbacks.Query(0xc0001a3650)\n\t/home/goproject/pkg/mod/gorm.io/gorm@v1.24.2/callbacks/query.go:26 +0x105\ngorm.io/gorm.(*processor).Execute(0xc000598be0, 0xc0001a2030?)\n\t/home/goproject/pkg/mod/gorm.io/gorm@v1.24.2/callbacks.go:130 +0x436\ngorm.io/gorm.(*DB).Find(0x1098c58?, {0xa73920?, 0xc0001286c0}, {0x0, 0x0, 0x0})\n\t/home/goproject/pkg/mod/gorm.io/gorm@v1.24.2/finisher_api.go:170 +0x134\nmain/dao/mysql.GetAllPostTitle({0x1098c58, 0x0, 0x0})\n\t/home/goproject/src/QAcommunity/dao/mysql/post.go:9 +0x85\nmain/services.GetAllPostTitle()\n\t/home/goproject/src/QAcommunity/services/post.go:12 +0x33\nmain/controller.GetAllPostsTitle(0x0?)\n\t/home/goproject/src/QAcommunity/controller/post.go:14 +0x30\ngithub.com/gin-gonic/gin.(*Context).Next(...)\n\t/home/goproject/pkg/mod/github.com/gin-gonic/gin@v1.8.1/context.go:173\nmain/middleware.GinRecovery.func1(0xc0000ae700)\n\t/home/goproject/src/QAcommunity/middleware/zap.go:83 +0x88\ngithub.com/gin-gonic/gin.(*Context).Next(...)\n\t/home/goproject/pkg/mod/github.com/gin-gonic/gin@v1.8.1/context.go:173\nmain/middleware.GinLogger.func1(0xc0000ae700)\n\t/home/goproject/src/QAcommunity/middleware/zap.go:23 +0xb1\ngithub.com/gin-gonic/gin.(*Context).Next(...)\n\t/home/goproject/pkg/mod/github.com/gin-gonic/gin@v1.8.1/context.go:173\ngithub.com/gin-gonic/gin.(*Engine).handleHTTPRequest(0xc000488000, 0xc0000ae700)\n\t/home/goproject/pkg/mod/github.com/gin-gonic/gin@v1.8.1/gin.go:616 +0x671\ngithub.com/gin-gonic/gin.(*Engine).ServeHTTP(0xc000488000, {0xc6b3b0?, 0xc0005a4540}, 0xc0000ae900)\n\t/home/goproject/pkg/mod/github.com/gin-gonic/gin@v1.8.1/gin.go:572 +0x1dd\nnet/http.serverHandler.ServeHTTP({0xc0001a2330?}, {0xc6b3b0, 0xc0005a4540}, 0xc0000ae900)\n\t/usr/local/go/src/net/http/server.go:2947 +0x30c\nnet/http.(*conn).serve(0xc0004a9c20, {0xc6bf80, 0xc0001dc750})\n\t/usr/local/go/src/net/http/server.go:1991 +0x607\ncreated by net/http.(*Server).Serve\n\t/usr/local/go/src/net/http/server.go:3102 +0x4db\n"}
2022-12-16T01:36:07.707+0800	INFO	/home/goproject/src/QAcommunity/middleware/zap.go:26	/api/public/postTitle	{"status": 500, "method": "GET", "path": "/api/public/postTitle", "query": "", "ip": "::1", "user-agent": "PostmanRuntime/7.30.0", "errors": "", "cost": 1053206}
2022-12-16T01:36:08.183+0800	ERROR	/home/goproject/src/QAcommunity/middleware/zap.go:69	[Recovery from panic]	{"error": "reflect: reflect.Value.Set using unaddressable value", "request": "GET /api/public/postTitle HTTP/1.1\r\nHost: localhost:8080\r\nAccept: */*\r\nAccept-Encoding: gzip, deflate, br\r\nConnection: keep-alive\r\nPostman-Token: 14e0f8f0-0211-4226-9c60-f4be50e2e3d8\r\nUser-Agent: PostmanRuntime/7.30.0\r\n\r\n", "stack": "goroutine 15 [running]:\nruntime/debug.Stack()\n\t/usr/local/go/src/runtime/debug/stack.go:24 +0x65\nmain/middleware.GinRecovery.func1.1()\n\t/home/goproject/src/QAcommunity/middleware/zap.go:72 +0x2d9\npanic({0xa7d8e0, 0xc000118340})\n\t/usr/local/go/src/runtime/panic.go:884 +0x212\nreflect.flag.mustBeAssignableSlow(0x5a0?)\n\t/usr/local/go/src/reflect/value.go:260 +0x85\nreflect.flag.mustBeAssignable(...)\n\t/usr/local/go/src/reflect/value.go:247\nreflect.Value.Set({0xa73920?, 0xc0005484c8?, 0x0?}, {0xa73920?, 0xc0001286d8?, 0x203000?})\n\t/usr/local/go/src/reflect/value.go:2154 +0x6a\ngorm.io/gorm.Scan({0xc6d4f0, 0xc000033100}, 0xc0001dcab0, 0x0)\n\t/home/goproject/pkg/mod/gorm.io/gorm@v1.24.2/scan.go:253 +0xcf6\ngorm.io/gorm/callbacks.Query(0xc0001dcab0)\n\t/home/goproject/pkg/mod/gorm.io/gorm@v1.24.2/callbacks/query.go:26 +0x105\ngorm.io/gorm.(*processor).Execute(0xc000598be0, 0xc0001a2030?)\n\t/home/goproject/pkg/mod/gorm.io/gorm@v1.24.2/callbacks.go:130 +0x436\ngorm.io/gorm.(*DB).Find(0x1098c58?, {0xa73920?, 0xc0005484c8}, {0x0, 0x0, 0x0})\n\t/home/goproject/pkg/mod/gorm.io/gorm@v1.24.2/finisher_api.go:170 +0x134\nmain/dao/mysql.GetAllPostTitle({0x1098c58, 0x0, 0x0})\n\t/home/goproject/src/QAcommunity/dao/mysql/post.go:9 +0x85\nmain/services.GetAllPostTitle()\n\t/home/goproject/src/QAcommunity/services/post.go:12 +0x33\nmain/controller.GetAllPostsTitle(0x0?)\n\t/home/goproject/src/QAcommunity/controller/post.go:14 +0x30\ngithub.com/gin-gonic/gin.(*Context).Next(...)\n\t/home/goproject/pkg/mod/github.com/gin-gonic/gin@v1.8.1/context.go:173\nmain/middleware.GinRecovery.func1(0xc000002100)\n\t/home/goproject/src/QAcommunity/middleware/zap.go:83 +0x88\ngithub.com/gin-gonic/gin.(*Context).Next(...)\n\t/home/goproject/pkg/mod/github.com/gin-gonic/gin@v1.8.1/context.go:173\nmain/middleware.GinLogger.func1(0xc000002100)\n\t/home/goproject/src/QAcommunity/middleware/zap.go:23 +0xb1\ngithub.com/gin-gonic/gin.(*Context).Next(...)\n\t/home/goproject/pkg/mod/github.com/gin-gonic/gin@v1.8.1/context.go:173\ngithub.com/gin-gonic/gin.(*Engine).handleHTTPRequest(0xc000488000, 0xc000002100)\n\t/home/goproject/pkg/mod/github.com/gin-gonic/gin@v1.8.1/gin.go:616 +0x671\ngithub.com/gin-gonic/gin.(*Engine).ServeHTTP(0xc000488000, {0xc6b3b0?, 0xc0005361c0}, 0xc0002aa100)\n\t/home/goproject/pkg/mod/github.com/gin-gonic/gin@v1.8.1/gin.go:572 +0x1dd\nnet/http.serverHandler.ServeHTTP({0xc0001a2330?}, {0xc6b3b0, 0xc0005361c0}, 0xc0002aa100)\n\t/usr/local/go/src/net/http/server.go:2947 +0x30c\nnet/http.(*conn).serve(0xc0004a9c20, {0xc6bf80, 0xc0001dc750})\n\t/usr/local/go/src/net/http/server.go:1991 +0x607\ncreated by net/http.(*Server).Serve\n\t/usr/local/go/src/net/http/server.go:3102 +0x4db\n"}
2022-12-16T01:36:08.183+0800	INFO	/home/goproject/src/QAcommunity/middleware/zap.go:26	/api/public/postTitle	{"status": 500, "method": "GET", "path": "/api/public/postTitle", "query": "", "ip": "::1", "user-agent": "PostmanRuntime/7.30.0", "errors": "", "cost": 956937}
2022-12-16T01:36:17.758+0800	ERROR	/home/goproject/src/QAcommunity/middleware/zap.go:69	[Recovery from panic]	{"error": "reflect: reflect.Value.Set using unaddressable value", "request": "GET /api/public/postTitle HTTP/1.1\r\nHost: localhost:8080\r\nAccept: */*\r\nAccept-Encoding: gzip, deflate, br\r\nConnection: keep-alive\r\nPostman-Token: fcd82a7f-071e-40c4-9534-de60540e0af3\r\nUser-Agent: PostmanRuntime/7.30.0\r\n\r\n", "stack": "goroutine 15 [running]:\nruntime/debug.Stack()\n\t/usr/local/go/src/runtime/debug/stack.go:24 +0x65\nmain/middleware.GinRecovery.func1.1()\n\t/home/goproject/src/QAcommunity/middleware/zap.go:72 +0x2d9\npanic({0xa7d8e0, 0xc000524e90})\n\t/usr/local/go/src/runtime/panic.go:884 +0x212\nreflect.flag.mustBeAssignableSlow(0x5a0?)\n\t/usr/local/go/src/reflect/value.go:260 +0x85\nreflect.flag.mustBeAssignable(...)\n\t/usr/local/go/src/reflect/value.go:247\nreflect.Value.Set({0xa73920?, 0xc0005b40a8?, 0x0?}, {0xa73920?, 0xc0005484e0?, 0x203000?})\n\t/usr/local/go/src/reflect/value.go:2154 +0x6a\ngorm.io/gorm.Scan({0xc6d4f0, 0xc000490c00}, 0xc0004a65d0, 0x0)\n\t/home/goproject/pkg/mod/gorm.io/gorm@v1.24.2/scan.go:253 +0xcf6\ngorm.io/gorm/callbacks.Query(0xc0004a65d0)\n\t/home/goproject/pkg/mod/gorm.io/gorm@v1.24.2/callbacks/query.go:26 +0x105\ngorm.io/gorm.(*processor).Execute(0xc000598be0, 0xc0001a2030?)\n\t/home/goproject/pkg/mod/gorm.io/gorm@v1.24.2/callbacks.go:130 +0x436\ngorm.io/gorm.(*DB).Find(0x1098c58?, {0xa73920?, 0xc0005b40a8}, {0x0, 0x0, 0x0})\n\t/home/goproject/pkg/mod/gorm.io/gorm@v1.24.2/finisher_api.go:170 +0x134\nmain/dao/mysql.GetAllPostTitle({0x1098c58, 0x0, 0x0})\n\t/home/goproject/src/QAcommunity/dao/mysql/post.go:9 +0x85\nmain/services.GetAllPostTitle()\n\t/home/goproject/src/QAcommunity/services/post.go:12 +0x33\nmain/controller.GetAllPostsTitle(0x0?)\n\t/home/goproject/src/QAcommunity/controller/post.go:14 +0x30\ngithub.com/gin-gonic/gin.(*Context).Next(...)\n\t/home/goproject/pkg/mod/github.com/gin-gonic/gin@v1.8.1/context.go:173\nmain/middleware.GinRecovery.func1(0xc0000ae700)\n\t/home/goproject/src/QAcommunity/middleware/zap.go:83 +0x88\ngithub.com/gin-gonic/gin.(*Context).Next(...)\n\t/home/goproject/pkg/mod/github.com/gin-gonic/gin@v1.8.1/context.go:173\nmain/middleware.GinLogger.func1(0xc0000ae700)\n\t/home/goproject/src/QAcommunity/middleware/zap.go:23 +0xb1\ngithub.com/gin-gonic/gin.(*Context).Next(...)\n\t/home/goproject/pkg/mod/github.com/gin-gonic/gin@v1.8.1/context.go:173\ngithub.com/gin-gonic/gin.(*Engine).handleHTTPRequest(0xc000488000, 0xc0000ae700)\n\t/home/goproject/pkg/mod/github.com/gin-gonic/gin@v1.8.1/gin.go:616 +0x671\ngithub.com/gin-gonic/gin.(*Engine).ServeHTTP(0xc000488000, {0xc6b3b0?, 0xc0002081c0}, 0xc0000aea00)\n\t/home/goproject/pkg/mod/github.com/gin-gonic/gin@v1.8.1/gin.go:572 +0x1dd\nnet/http.serverHandler.ServeHTTP({0xc0001a2330?}, {0xc6b3b0, 0xc0002081c0}, 0xc0000aea00)\n\t/usr/local/go/src/net/http/server.go:2947 +0x30c\nnet/http.(*conn).serve(0xc0004a9c20, {0xc6bf80, 0xc0001dc750})\n\t/usr/local/go/src/net/http/server.go:1991 +0x607\ncreated by net/http.(*Server).Serve\n\t/usr/local/go/src/net/http/server.go:3102 +0x4db\n"}
2022-12-16T01:36:17.758+0800	INFO	/home/goproject/src/QAcommunity/middleware/zap.go:26	/api/public/postTitle	{"status": 500, "method": "GET", "path": "/api/public/postTitle", "query": "", "ip": "::1", "user-agent": "PostmanRuntime/7.30.0", "errors": "", "cost": 1014873}
2022-12-16T01:36:18.165+0800	ERROR	/home/goproject/src/QAcommunity/middleware/zap.go:69	[Recovery from panic]	{"error": "reflect: reflect.Value.Set using unaddressable value", "request": "GET /api/public/postTitle HTTP/1.1\r\nHost: localhost:8080\r\nAccept: */*\r\nAccept-Encoding: gzip, deflate, br\r\nConnection: keep-alive\r\nPostman-Token: 8586ec86-1ddf-4587-bbb4-237693fc5c60\r\nUser-Agent: PostmanRuntime/7.30.0\r\n\r\n", "stack": "goroutine 15 [running]:\nruntime/debug.Stack()\n\t/usr/local/go/src/runtime/debug/stack.go:24 +0x65\nmain/middleware.GinRecovery.func1.1()\n\t/home/goproject/src/QAcommunity/middleware/zap.go:72 +0x2d9\npanic({0xa7d8e0, 0xc000524fa0})\n\t/usr/local/go/src/runtime/panic.go:884 +0x212\nreflect.flag.mustBeAssignableSlow(0x5a0?)\n\t/usr/local/go/src/reflect/value.go:260 +0x85\nreflect.flag.mustBeAssignable(...)\n\t/usr/local/go/src/reflect/value.go:247\nreflect.Value.Set({0xa73920?, 0xc0005b40f0?, 0x0?}, {0xa73920?, 0xc000548510?, 0x203000?})\n\t/usr/local/go/src/reflect/value.go:2154 +0x6a\ngorm.io/gorm.Scan({0xc6d4f0, 0xc000490c80}, 0xc0004a67b0, 0x0)\n\t/home/goproject/pkg/mod/gorm.io/gorm@v1.24.2/scan.go:253 +0xcf6\ngorm.io/gorm/callbacks.Query(0xc0004a67b0)\n\t/home/goproject/pkg/mod/gorm.io/gorm@v1.24.2/callbacks/query.go:26 +0x105\ngorm.io/gorm.(*processor).Execute(0xc000598be0, 0xc0001a2030?)\n\t/home/goproject/pkg/mod/gorm.io/gorm@v1.24.2/callbacks.go:130 +0x436\ngorm.io/gorm.(*DB).Find(0x1098c58?, {0xa73920?, 0xc0005b40f0}, {0x0, 0x0, 0x0})\n\t/home/goproject/pkg/mod/gorm.io/gorm@v1.24.2/finisher_api.go:170 +0x134\nmain/dao/mysql.GetAllPostTitle({0x1098c58, 0x0, 0x0})\n\t/home/goproject/src/QAcommunity/dao/mysql/post.go:9 +0x85\nmain/services.GetAllPostTitle()\n\t/home/goproject/src/QAcommunity/services/post.go:12 +0x33\nmain/controller.GetAllPostsTitle(0x0?)\n\t/home/goproject/src/QAcommunity/controller/post.go:14 +0x30\ngithub.com/gin-gonic/gin.(*Context).Next(...)\n\t/home/goproject/pkg/mod/github.com/gin-gonic/gin@v1.8.1/context.go:173\nmain/middleware.GinRecovery.func1(0xc0002aa200)\n\t/home/goproject/src/QAcommunity/middleware/zap.go:83 +0x88\ngithub.com/gin-gonic/gin.(*Context).Next(...)\n\t/home/goproject/pkg/mod/github.com/gin-gonic/gin@v1.8.1/context.go:173\nmain/middleware.GinLogger.func1(0xc0002aa200)\n\t/home/goproject/src/QAcommunity/middleware/zap.go:23 +0xb1\ngithub.com/gin-gonic/gin.(*Context).Next(...)\n\t/home/goproject/pkg/mod/github.com/gin-gonic/gin@v1.8.1/context.go:173\ngithub.com/gin-gonic/gin.(*Engine).handleHTTPRequest(0xc000488000, 0xc0002aa200)\n\t/home/goproject/pkg/mod/github.com/gin-gonic/gin@v1.8.1/gin.go:616 +0x671\ngithub.com/gin-gonic/gin.(*Engine).ServeHTTP(0xc000488000, {0xc6b3b0?, 0xc0002082a0}, 0xc000002200)\n\t/home/goproject/pkg/mod/github.com/gin-gonic/gin@v1.8.1/gin.go:572 +0x1dd\nnet/http.serverHandler.ServeHTTP({0xc0001a2330?}, {0xc6b3b0, 0xc0002082a0}, 0xc000002200)\n\t/usr/local/go/src/net/http/server.go:2947 +0x30c\nnet/http.(*conn).serve(0xc0004a9c20, {0xc6bf80, 0xc0001dc750})\n\t/usr/local/go/src/net/http/server.go:1991 +0x607\ncreated by net/http.(*Server).Serve\n\t/usr/local/go/src/net/http/server.go:3102 +0x4db\n"}
2022-12-16T01:36:18.165+0800	INFO	/home/goproject/src/QAcommunity/middleware/zap.go:26	/api/public/postTitle	{"status": 500, "method": "GET", "path": "/api/public/postTitle", "query": "", "ip": "::1", "user-agent": "PostmanRuntime/7.30.0", "errors": "", "cost": 883490}
2022-12-16T01:38:05.454+0800	ERROR	/home/goproject/src/QAcommunity/middleware/zap.go:69	[Recovery from panic]	{"error": "reflect: reflect.Value.Set using unaddressable value", "request": "GET /api/public/postTitle HTTP/1.1\r\nHost: localhost:8080\r\nAccept: */*\r\nAccept-Encoding: gzip, deflate, br\r\nConnection: keep-alive\r\nPostman-Token: ff4ca028-a3eb-4a79-b87b-6584224ccfae\r\nUser-Agent: PostmanRuntime/7.30.0\r\n\r\n", "stack": "goroutine 15 [running]:\nruntime/debug.Stack()\n\t/usr/local/go/src/runtime/debug/stack.go:24 +0x65\nmain/middleware.GinRecovery.func1.1()\n\t/home/goproject/src/QAcommunity/middleware/zap.go:72 +0x2d9\npanic({0xa7d8e0, 0xc000118450})\n\t/usr/local/go/src/runtime/panic.go:884 +0x212\nreflect.flag.mustBeAssignableSlow(0x5a0?)\n\t/usr/local/go/src/reflect/value.go:260 +0x85\nreflect.flag.mustBeAssignable(...)\n\t/usr/local/go/src/reflect/value.go:247\nreflect.Value.Set({0xa73920?, 0xc0005b4108?, 0x0?}, {0xa73920?, 0xc0001286f0?, 0x203000?})\n\t/usr/local/go/src/reflect/value.go:2154 +0x6a\ngorm.io/gorm.Scan({0xc6d4f0, 0xc000033180}, 0xc0004a6960, 0x0)\n\t/home/goproject/pkg/mod/gorm.io/gorm@v1.24.2/scan.go:253 +0xcf6\ngorm.io/gorm/callbacks.Query(0xc0004a6960)\n\t/home/goproject/pkg/mod/gorm.io/gorm@v1.24.2/callbacks/query.go:26 +0x105\ngorm.io/gorm.(*processor).Execute(0xc000598be0, 0xc0001a2030?)\n\t/home/goproject/pkg/mod/gorm.io/gorm@v1.24.2/callbacks.go:130 +0x436\ngorm.io/gorm.(*DB).Find(0x1098c58?, {0xa73920?, 0xc0005b4108}, {0x0, 0x0, 0x0})\n\t/home/goproject/pkg/mod/gorm.io/gorm@v1.24.2/finisher_api.go:170 +0x134\nmain/dao/mysql.GetAllPostTitle({0x1098c58, 0x0, 0x0})\n\t/home/goproject/src/QAcommunity/dao/mysql/post.go:9 +0x85\nmain/services.GetAllPostTitle()\n\t/home/goproject/src/QAcommunity/services/post.go:12 +0x33\nmain/controller.GetAllPostsTitle(0x0?)\n\t/home/goproject/src/QAcommunity/controller/post.go:14 +0x30\ngithub.com/gin-gonic/gin.(*Context).Next(...)\n\t/home/goproject/pkg/mod/github.com/gin-gonic/gin@v1.8.1/context.go:173\nmain/middleware.GinRecovery.func1(0xc0002aa200)\n\t/home/goproject/src/QAcommunity/middleware/zap.go:83 +0x88\ngithub.com/gin-gonic/gin.(*Context).Next(...)\n\t/home/goproject/pkg/mod/github.com/gin-gonic/gin@v1.8.1/context.go:173\nmain/middleware.GinLogger.func1(0xc0002aa200)\n\t/home/goproject/src/QAcommunity/middleware/zap.go:23 +0xb1\ngithub.com/gin-gonic/gin.(*Context).Next(...)\n\t/home/goproject/pkg/mod/github.com/gin-gonic/gin@v1.8.1/context.go:173\ngithub.com/gin-gonic/gin.(*Engine).handleHTTPRequest(0xc000488000, 0xc0002aa200)\n\t/home/goproject/pkg/mod/github.com/gin-gonic/gin@v1.8.1/gin.go:616 +0x671\ngithub.com/gin-gonic/gin.(*Engine).ServeHTTP(0xc000488000, {0xc6b3b0?, 0xc000208380}, 0xc000002300)\n\t/home/goproject/pkg/mod/github.com/gin-gonic/gin@v1.8.1/gin.go:572 +0x1dd\nnet/http.serverHandler.ServeHTTP({0xc0001a2330?}, {0xc6b3b0, 0xc000208380}, 0xc000002300)\n\t/usr/local/go/src/net/http/server.go:2947 +0x30c\nnet/http.(*conn).serve(0xc0004a9c20, {0xc6bf80, 0xc0001dc750})\n\t/usr/local/go/src/net/http/server.go:1991 +0x607\ncreated by net/http.(*Server).Serve\n\t/usr/local/go/src/net/http/server.go:3102 +0x4db\n"}
2022-12-16T01:38:05.454+0800	INFO	/home/goproject/src/QAcommunity/middleware/zap.go:26	/api/public/postTitle	{"status": 500, "method": "GET", "path": "/api/public/postTitle", "query": "", "ip": "::1", "user-agent": "PostmanRuntime/7.30.0", "errors": "", "cost": 1655027}
2022-12-16T01:38:55.478+0800	ERROR	/home/goproject/src/QAcommunity/middleware/zap.go:69	[Recovery from panic]	{"error": "reflect: reflect.Value.Set using unaddressable value", "request": "GET /api/public/postTitle HTTP/1.1\r\nHost: localhost:8080\r\nAccept: */*\r\nAccept-Encoding: gzip, deflate, br\r\nConnection: keep-alive\r\nPostman-Token: 121db51e-8779-44cf-b2dc-50d3ee2ff371\r\nUser-Agent: PostmanRuntime/7.30.0\r\n\r\n", "stack": "goroutine 15 [running]:\nruntime/debug.Stack()\n\t/usr/local/go/src/runtime/debug/stack.go:24 +0x65\nmain/middleware.GinRecovery.func1.1()\n\t/home/goproject/src/QAcommunity/middleware/zap.go:72 +0x2d9\npanic({0xa7d8e0, 0xc0000240f0})\n\t/usr/local/go/src/runtime/panic.go:884 +0x212\nreflect.flag.mustBeAssignableSlow(0x5a0?)\n\t/usr/local/go/src/reflect/value.go:260 +0x85\nreflect.flag.mustBeAssignable(...)\n\t/usr/local/go/src/reflect/value.go:247\nreflect.Value.Set({0xa73920?, 0xc000012048?, 0x0?}, {0xa73920?, 0xc000012078?, 0x203000?})\n\t/usr/local/go/src/reflect/value.go:2154 +0x6a\ngorm.io/gorm.Scan({0xc6d4f0, 0xc0005a8080}, 0xc000528150, 0x0)\n\t/home/goproject/pkg/mod/gorm.io/gorm@v1.24.2/scan.go:253 +0xcf6\ngorm.io/gorm/callbacks.Query(0xc000528150)\n\t/home/goproject/pkg/mod/gorm.io/gorm@v1.24.2/callbacks/query.go:26 +0x105\ngorm.io/gorm.(*processor).Execute(0xc000598be0, 0xc0001a2030?)\n\t/home/goproject/pkg/mod/gorm.io/gorm@v1.24.2/callbacks.go:130 +0x436\ngorm.io/gorm.(*DB).Find(0x1098c58?, {0xa73920?, 0xc000012048}, {0x0, 0x0, 0x0})\n\t/home/goproject/pkg/mod/gorm.io/gorm@v1.24.2/finisher_api.go:170 +0x134\nmain/dao/mysql.GetAllPostTitle({0x1098c58, 0x0, 0x0})\n\t/home/goproject/src/QAcommunity/dao/mysql/post.go:9 +0x85\nmain/services.GetAllPostTitle()\n\t/home/goproject/src/QAcommunity/services/post.go:12 +0x33\nmain/controller.GetAllPostsTitle(0x0?)\n\t/home/goproject/src/QAcommunity/controller/post.go:14 +0x30\ngithub.com/gin-gonic/gin.(*Context).Next(...)\n\t/home/goproject/pkg/mod/github.com/gin-gonic/gin@v1.8.1/context.go:173\nmain/middleware.GinRecovery.func1(0xc000002000)\n\t/home/goproject/src/QAcommunity/middleware/zap.go:83 +0x88\ngithub.com/gin-gonic/gin.(*Context).Next(...)\n\t/home/goproject/pkg/mod/github.com/gin-gonic/gin@v1.8.1/context.go:173\nmain/middleware.GinLogger.func1(0xc000002000)\n\t/home/goproject/src/QAcommunity/middleware/zap.go:23 +0xb1\ngithub.com/gin-gonic/gin.(*Context).Next(...)\n\t/home/goproject/pkg/mod/github.com/gin-gonic/gin@v1.8.1/context.go:173\ngithub.com/gin-gonic/gin.(*Engine).handleHTTPRequest(0xc000488000, 0xc000002000)\n\t/home/goproject/pkg/mod/github.com/gin-gonic/gin@v1.8.1/gin.go:616 +0x671\ngithub.com/gin-gonic/gin.(*Engine).ServeHTTP(0xc000488000, {0xc6b3b0?, 0xc000536000}, 0xc0000aeb00)\n\t/home/goproject/pkg/mod/github.com/gin-gonic/gin@v1.8.1/gin.go:572 +0x1dd\nnet/http.serverHandler.ServeHTTP({0xc0001a2330?}, {0xc6b3b0, 0xc000536000}, 0xc0000aeb00)\n\t/usr/local/go/src/net/http/server.go:2947 +0x30c\nnet/http.(*conn).serve(0xc0004a9c20, {0xc6bf80, 0xc0001dc750})\n\t/usr/local/go/src/net/http/server.go:1991 +0x607\ncreated by net/http.(*Server).Serve\n\t/usr/local/go/src/net/http/server.go:3102 +0x4db\n"}
2022-12-16T01:38:55.478+0800	INFO	/home/goproject/src/QAcommunity/middleware/zap.go:26	/api/public/postTitle	{"status": 500, "method": "GET", "path": "/api/public/postTitle", "query": "", "ip": "::1", "user-agent": "PostmanRuntime/7.30.0", "errors": "", "cost": 1149480}
2022-12-16T01:40:15.623+0800	ERROR	/home/goproject/src/QAcommunity/middleware/zap.go:69	[Recovery from panic]	{"error": "reflect: reflect.Value.Set using unaddressable value", "request": "GET /api/public/postTitle HTTP/1.1\r\nHost: localhost:8080\r\nAccept: */*\r\nAccept-Encoding: gzip, deflate, br\r\nConnection: keep-alive\r\nPostman-Token: 8088009c-7682-4108-89a3-945ac4ad195c\r\nUser-Agent: PostmanRuntime/7.30.0\r\n\r\n", "stack": "goroutine 15 [running]:\nruntime/debug.Stack()\n\t/usr/local/go/src/runtime/debug/stack.go:24 +0x65\nmain/middleware.GinRecovery.func1.1()\n\t/home/goproject/src/QAcommunity/middleware/zap.go:72 +0x2d9\npanic({0xa7d8e0, 0xc000024090})\n\t/usr/local/go/src/runtime/panic.go:884 +0x212\nreflect.flag.mustBeAssignableSlow(0x5a0?)\n\t/usr/local/go/src/reflect/value.go:260 +0x85\nreflect.flag.mustBeAssignable(...)\n\t/usr/local/go/src/reflect/value.go:247\nreflect.Value.Set({0xa73920?, 0xc000548030?, 0x0?}, {0xa73920?, 0xc000012048?, 0x40e6be?})\n\t/usr/local/go/src/reflect/value.go:2154 +0x6a\ngorm.io/gorm.Scan({0xc6d4f0, 0xc0005a8000}, 0xc0001a2450, 0x0)\n\t/home/goproject/pkg/mod/gorm.io/gorm@v1.24.2/scan.go:253 +0xcf6\ngorm.io/gorm/callbacks.Query(0xc0001a2450)\n\t/home/goproject/pkg/mod/gorm.io/gorm@v1.24.2/callbacks/query.go:26 +0x105\ngorm.io/gorm.(*processor).Execute(0xc000598be0, 0xc0001a2030?)\n\t/home/goproject/pkg/mod/gorm.io/gorm@v1.24.2/callbacks.go:130 +0x436\ngorm.io/gorm.(*DB).Find(0x1098c58?, {0xa73920?, 0xc000548030}, {0x0, 0x0, 0x0})\n\t/home/goproject/pkg/mod/gorm.io/gorm@v1.24.2/finisher_api.go:170 +0x134\nmain/dao/mysql.GetAllPostTitle({0x1098c58, 0x0, 0x0})\n\t/home/goproject/src/QAcommunity/dao/mysql/post.go:9 +0x85\nmain/services.GetAllPostTitle()\n\t/home/goproject/src/QAcommunity/services/post.go:12 +0x33\nmain/controller.GetAllPostsTitle(0x0?)\n\t/home/goproject/src/QAcommunity/controller/post.go:14 +0x30\ngithub.com/gin-gonic/gin.(*Context).Next(...)\n\t/home/goproject/pkg/mod/github.com/gin-gonic/gin@v1.8.1/context.go:173\nmain/middleware.GinRecovery.func1(0xc0000ae100)\n\t/home/goproject/src/QAcommunity/middleware/zap.go:83 +0x88\ngithub.com/gin-gonic/gin.(*Context).Next(...)\n\t/home/goproject/pkg/mod/github.com/gin-gonic/gin@v1.8.1/context.go:173\nmain/middleware.GinLogger.func1(0xc0000ae100)\n\t/home/goproject/src/QAcommunity/middleware/zap.go:23 +0xb1\ngithub.com/gin-gonic/gin.(*Context).Next(...)\n\t/home/goproject/pkg/mod/github.com/gin-gonic/gin@v1.8.1/context.go:173\ngithub.com/gin-gonic/gin.(*Engine).handleHTTPRequest(0xc000488000, 0xc0000ae100)\n\t/home/goproject/pkg/mod/github.com/gin-gonic/gin@v1.8.1/gin.go:616 +0x671\ngithub.com/gin-gonic/gin.(*Engine).ServeHTTP(0xc000488000, {0xc6b3b0?, 0xc0005a4000}, 0xc000002200)\n\t/home/goproject/pkg/mod/github.com/gin-gonic/gin@v1.8.1/gin.go:572 +0x1dd\nnet/http.serverHandler.ServeHTTP({0xc0001a2330?}, {0xc6b3b0, 0xc0005a4000}, 0xc000002200)\n\t/usr/local/go/src/net/http/server.go:2947 +0x30c\nnet/http.(*conn).serve(0xc0004a9c20, {0xc6bf80, 0xc0001dc750})\n\t/usr/local/go/src/net/http/server.go:1991 +0x607\ncreated by net/http.(*Server).Serve\n\t/usr/local/go/src/net/http/server.go:3102 +0x4db\n"}
2022-12-16T01:40:15.624+0800	INFO	/home/goproject/src/QAcommunity/middleware/zap.go:26	/api/public/postTitle	{"status": 500, "method": "GET", "path": "/api/public/postTitle", "query": "", "ip": "::1", "user-agent": "PostmanRuntime/7.30.0", "errors": "", "cost": 1554767}
2022-12-16T01:40:43.943+0800	INFO	/home/goproject/src/QAcommunity/services/boot/logger.go:34	init logger successfully
2022-12-16T01:40:43.945+0800	INFO	/home/goproject/src/QAcommunity/services/boot/database.go:38	connect mysql successfully
2022-12-16T01:40:45.674+0800	ERROR	/home/goproject/src/QAcommunity/middleware/zap.go:69	[Recovery from panic]	{"error": "reflect: reflect.Value.Set using unaddressable value", "request": "GET /api/public/postTitle HTTP/1.1\r\nHost: localhost:8080\r\nAccept: */*\r\nAccept-Encoding: gzip, deflate, br\r\nConnection: keep-alive\r\nPostman-Token: 1fb2c53a-f7b2-4c52-b4f7-54f3c4166249\r\nUser-Agent: PostmanRuntime/7.30.0\r\n\r\n", "stack": "goroutine 15 [running]:\nruntime/debug.Stack()\n\t/usr/local/go/src/runtime/debug/stack.go:24 +0x65\nmain/middleware.GinRecovery.func1.1()\n\t/home/goproject/src/QAcommunity/middleware/zap.go:72 +0x2d9\npanic({0xa7d8e0, 0xc000589c80})\n\t/usr/local/go/src/runtime/panic.go:884 +0x212\nreflect.flag.mustBeAssignableSlow(0x5a0?)\n\t/usr/local/go/src/reflect/value.go:260 +0x85\nreflect.flag.mustBeAssignable(...)\n\t/usr/local/go/src/reflect/value.go:247\nreflect.Value.Set({0xa73920?, 0xc000128408?, 0x0?}, {0xa73920?, 0xc000128648?, 0x203000?})\n\t/usr/local/go/src/reflect/value.go:2154 +0x6a\ngorm.io/gorm.Scan({0xc6d4f0, 0xc000611280}, 0xc0001a2840, 0x0)\n\t/home/goproject/pkg/mod/gorm.io/gorm@v1.24.2/scan.go:253 +0xcf6\ngorm.io/gorm/callbacks.Query(0xc0001a2840)\n\t/home/goproject/pkg/mod/gorm.io/gorm@v1.24.2/callbacks/query.go:26 +0x105\ngorm.io/gorm.(*processor).Execute(0xc000096b40, 0xc0001a2270?)\n\t/home/goproject/pkg/mod/gorm.io/gorm@v1.24.2/callbacks.go:130 +0x436\ngorm.io/gorm.(*DB).Find(0x1098c58?, {0xa73920?, 0xc000128408}, {0x0, 0x0, 0x0})\n\t/home/goproject/pkg/mod/gorm.io/gorm@v1.24.2/finisher_api.go:170 +0x134\nmain/dao/mysql.GetAllPostTitle({0x1098c58, 0x0, 0x0})\n\t/home/goproject/src/QAcommunity/dao/mysql/post.go:9 +0x85\nmain/services.GetAllPostTitle()\n\t/home/goproject/src/QAcommunity/services/post.go:12 +0x33\nmain/controller.GetAllPostsTitle(0x0?)\n\t/home/goproject/src/QAcommunity/controller/post.go:14 +0x30\ngithub.com/gin-gonic/gin.(*Context).Next(...)\n\t/home/goproject/pkg/mod/github.com/gin-gonic/gin@v1.8.1/context.go:173\nmain/middleware.GinRecovery.func1(0xc00050e900)\n\t/home/goproject/src/QAcommunity/middleware/zap.go:83 +0x88\ngithub.com/gin-gonic/gin.(*Context).Next(...)\n\t/home/goproject/pkg/mod/github.com/gin-gonic/gin@v1.8.1/context.go:173\nmain/middleware.GinLogger.func1(0xc00050e900)\n\t/home/goproject/src/QAcommunity/middleware/zap.go:23 +0xb1\ngithub.com/gin-gonic/gin.(*Context).Next(...)\n\t/home/goproject/pkg/mod/github.com/gin-gonic/gin@v1.8.1/context.go:173\ngithub.com/gin-gonic/gin.(*Engine).handleHTTPRequest(0xc000448000, 0xc00050e900)\n\t/home/goproject/pkg/mod/github.com/gin-gonic/gin@v1.8.1/gin.go:616 +0x671\ngithub.com/gin-gonic/gin.(*Engine).ServeHTTP(0xc000448000, {0xc6b3b0?, 0xc000634540}, 0xc00050e800)\n\t/home/goproject/pkg/mod/github.com/gin-gonic/gin@v1.8.1/gin.go:572 +0x1dd\nnet/http.serverHandler.ServeHTTP({0xc0001a2600?}, {0xc6b3b0, 0xc000634540}, 0xc00050e800)\n\t/usr/local/go/src/net/http/server.go:2947 +0x30c\nnet/http.(*conn).serve(0xc0004a1ae0, {0xc6bf80, 0xc0001dc750})\n\t/usr/local/go/src/net/http/server.go:1991 +0x607\ncreated by net/http.(*Server).Serve\n\t/usr/local/go/src/net/http/server.go:3102 +0x4db\n"}
2022-12-16T01:40:45.675+0800	INFO	/home/goproject/src/QAcommunity/middleware/zap.go:26	/api/public/postTitle	{"status": 500, "method": "GET", "path": "/api/public/postTitle", "query": "", "ip": "::1", "user-agent": "PostmanRuntime/7.30.0", "errors": "", "cost": 5589059}
2022-12-16T01:41:15.024+0800	INFO	/home/goproject/src/QAcommunity/controller/post.go:132	userid:485498404974592 publish a post
2022-12-16T01:41:15.024+0800	INFO	/home/goproject/src/QAcommunity/middleware/zap.go:26	/api/private/post	{"status": 200, "method": "POST", "path": "/api/private/post", "query": "", "ip": "::1", "user-agent": "PostmanRuntime/7.30.0", "errors": "", "cost": 27629011}
2022-12-16T01:42:50.169+0800	INFO	/home/goproject/src/QAcommunity/middleware/zap.go:26	/api/public/post	{"status": 404, "method": "POST", "path": "/api/public/post", "query": "", "ip": "::1", "user-agent": "PostmanRuntime/7.30.0", "errors": "", "cost": 1152}
2022-12-16T01:43:14.921+0800	INFO	/home/goproject/src/QAcommunity/services/boot/logger.go:34	init logger successfully
2022-12-16T01:43:14.923+0800	INFO	/home/goproject/src/QAcommunity/services/boot/database.go:38	connect mysql successfully
2022-12-16T01:43:20.131+0800	WARN	/home/goproject/src/QAcommunity/controller/post.go:50	an error occurred while querying the post   error:record not found
2022-12-16T01:43:20.132+0800	INFO	/home/goproject/src/QAcommunity/middleware/zap.go:26	/api/public/post	{"status": 500, "method": "POST", "path": "/api/public/post", "query": "", "ip": "::1", "user-agent": "PostmanRuntime/7.30.0", "errors": "", "cost": 6488820}
2022-12-16T01:43:47.691+0800	INFO	/home/goproject/src/QAcommunity/services/boot/logger.go:34	init logger successfully
2022-12-16T01:43:47.696+0800	INFO	/home/goproject/src/QAcommunity/services/boot/database.go:38	connect mysql successfully
2022-12-16T01:43:49.233+0800	ERROR	/home/goproject/src/QAcommunity/middleware/zap.go:69	[Recovery from panic]	{"error": "runtime error: invalid memory address or nil pointer dereference", "request": "POST /api/public/post HTTP/1.1\r\nHost: localhost:8080\r\nAccept: */*\r\nAccept-Encoding: gzip, deflate, br\r\nConnection: keep-alive\r\nContent-Length: 177\r\nContent-Type: multipart/form-data; boundary=--------------------------641797924554741313932872\r\nPostman-Token: 1715dca7-e300-4dc0-a7d3-2ba936129c96\r\nUser-Agent: PostmanRuntime/7.30.0\r\n\r\n", "stack": "goroutine 53 [running]:\nruntime/debug.Stack()\n\t/usr/local/go/src/runtime/debug/stack.go:24 +0x65\nmain/middleware.GinRecovery.func1.1()\n\t/home/goproject/src/QAcommunity/middleware/zap.go:72 +0x2d9\npanic({0xaad880, 0x1050b20})\n\t/usr/local/go/src/runtime/panic.go:884 +0x212\nmain/utils.GetFormatTime(...)\n\t/home/goproject/src/QAcommunity/utils/praseTime.go:6\nmain/controller.PostDetail(0x0?)\n\t/home/goproject/src/QAcommunity/controller/post.go:59 +0x25e\ngithub.com/gin-gonic/gin.(*Context).Next(...)\n\t/home/goproject/pkg/mod/github.com/gin-gonic/gin@v1.8.1/context.go:173\nmain/middleware.GinRecovery.func1(0xc0005ea200)\n\t/home/goproject/src/QAcommunity/middleware/zap.go:83 +0x88\ngithub.com/gin-gonic/gin.(*Context).Next(...)\n\t/home/goproject/pkg/mod/github.com/gin-gonic/gin@v1.8.1/context.go:173\nmain/middleware.GinLogger.func1(0xc0005ea200)\n\t/home/goproject/src/QAcommunity/middleware/zap.go:23 +0xb1\ngithub.com/gin-gonic/gin.(*Context).Next(...)\n\t/home/goproject/pkg/mod/github.com/gin-gonic/gin@v1.8.1/context.go:173\ngithub.com/gin-gonic/gin.(*Engine).handleHTTPRequest(0xc000580680, 0xc0005ea200)\n\t/home/goproject/pkg/mod/github.com/gin-gonic/gin@v1.8.1/gin.go:616 +0x671\ngithub.com/gin-gonic/gin.(*Engine).ServeHTTP(0xc000580680, {0xc6b3b0?, 0xc0005b0380}, 0xc0005ea100)\n\t/home/goproject/pkg/mod/github.com/gin-gonic/gin@v1.8.1/gin.go:572 +0x1dd\nnet/http.serverHandler.ServeHTTP({0xc69d08?}, {0xc6b3b0, 0xc0005b0380}, 0xc0005ea100)\n\t/usr/local/go/src/net/http/server.go:2947 +0x30c\nnet/http.(*conn).serve(0xc000150320, {0xc6bf80, 0xc0001a26c0})\n\t/usr/local/go/src/net/http/server.go:1991 +0x607\ncreated by net/http.(*Server).Serve\n\t/usr/local/go/src/net/http/server.go:3102 +0x4db\n"}
2022-12-16T01:43:49.233+0800	INFO	/home/goproject/src/QAcommunity/middleware/zap.go:26	/api/public/post	{"status": 500, "method": "POST", "path": "/api/public/post", "query": "", "ip": "::1", "user-agent": "PostmanRuntime/7.30.0", "errors": "", "cost": 5344612}
2022-12-16T01:43:54.196+0800	ERROR	/home/goproject/src/QAcommunity/middleware/zap.go:69	[Recovery from panic]	{"error": "runtime error: invalid memory address or nil pointer dereference", "request": "POST /api/public/post HTTP/1.1\r\nHost: localhost:8080\r\nAccept: */*\r\nAccept-Encoding: gzip, deflate, br\r\nConnection: keep-alive\r\nContent-Length: 177\r\nContent-Type: multipart/form-data; boundary=--------------------------240504061665890488772135\r\nPostman-Token: 42485604-9816-4fa8-b722-e09917d3723b\r\nUser-Agent: PostmanRuntime/7.30.0\r\n\r\n", "stack": "goroutine 53 [running]:\nruntime/debug.Stack()\n\t/usr/local/go/src/runtime/debug/stack.go:24 +0x65\nmain/middleware.GinRecovery.func1.1()\n\t/home/goproject/src/QAcommunity/middleware/zap.go:72 +0x2d9\npanic({0xaad880, 0x1050b20})\n\t/usr/local/go/src/runtime/panic.go:884 +0x212\nmain/utils.GetFormatTime(...)\n\t/home/goproject/src/QAcommunity/utils/praseTime.go:6\nmain/controller.PostDetail(0x0?)\n\t/home/goproject/src/QAcommunity/controller/post.go:59 +0x25e\ngithub.com/gin-gonic/gin.(*Context).Next(...)\n\t/home/goproject/pkg/mod/github.com/gin-gonic/gin@v1.8.1/context.go:173\nmain/middleware.GinRecovery.func1(0xc0005ea200)\n\t/home/goproject/src/QAcommunity/middleware/zap.go:83 +0x88\ngithub.com/gin-gonic/gin.(*Context).Next(...)\n\t/home/goproject/pkg/mod/github.com/gin-gonic/gin@v1.8.1/context.go:173\nmain/middleware.GinLogger.func1(0xc0005ea200)\n\t/home/goproject/src/QAcommunity/middleware/zap.go:23 +0xb1\ngithub.com/gin-gonic/gin.(*Context).Next(...)\n\t/home/goproject/pkg/mod/github.com/gin-gonic/gin@v1.8.1/context.go:173\ngithub.com/gin-gonic/gin.(*Engine).handleHTTPRequest(0xc000580680, 0xc0005ea200)\n\t/home/goproject/pkg/mod/github.com/gin-gonic/gin@v1.8.1/gin.go:616 +0x671\ngithub.com/gin-gonic/gin.(*Engine).ServeHTTP(0xc000580680, {0xc6b3b0?, 0xc0005b0540}, 0xc0005ea400)\n\t/home/goproject/pkg/mod/github.com/gin-gonic/gin@v1.8.1/gin.go:572 +0x1dd\nnet/http.serverHandler.ServeHTTP({0xc69d08?}, {0xc6b3b0, 0xc0005b0540}, 0xc0005ea400)\n\t/usr/local/go/src/net/http/server.go:2947 +0x30c\nnet/http.(*conn).serve(0xc000150320, {0xc6bf80, 0xc0001a26c0})\n\t/usr/local/go/src/net/http/server.go:1991 +0x607\ncreated by net/http.(*Server).Serve\n\t/usr/local/go/src/net/http/server.go:3102 +0x4db\n"}
2022-12-16T01:43:54.196+0800	INFO	/home/goproject/src/QAcommunity/middleware/zap.go:26	/api/public/post	{"status": 500, "method": "POST", "path": "/api/public/post", "query": "", "ip": "::1", "user-agent": "PostmanRuntime/7.30.0", "errors": "", "cost": 1608961}
2022-12-16T01:43:59.718+0800	ERROR	/home/goproject/src/QAcommunity/middleware/zap.go:69	[Recovery from panic]	{"error": "runtime error: invalid memory address or nil pointer dereference", "request": "POST /api/public/post HTTP/1.1\r\nHost: localhost:8080\r\nAccept: */*\r\nAccept-Encoding: gzip, deflate, br\r\nConnection: keep-alive\r\nContent-Length: 177\r\nContent-Type: multipart/form-data; boundary=--------------------------303742728812105413473257\r\nPostman-Token: 3a528aa8-ba7b-43c6-8e68-d45292700b8d\r\nUser-Agent: PostmanRuntime/7.30.0\r\n\r\n", "stack": "goroutine 53 [running]:\nruntime/debug.Stack()\n\t/usr/local/go/src/runtime/debug/stack.go:24 +0x65\nmain/middleware.GinRecovery.func1.1()\n\t/home/goproject/src/QAcommunity/middleware/zap.go:72 +0x2d9\npanic({0xaad880, 0x1050b20})\n\t/usr/local/go/src/runtime/panic.go:884 +0x212\nmain/utils.GetFormatTime(...)\n\t/home/goproject/src/QAcommunity/utils/praseTime.go:6\nmain/controller.PostDetail(0x0?)\n\t/home/goproject/src/QAcommunity/controller/post.go:59 +0x25e\ngithub.com/gin-gonic/gin.(*Context).Next(...)\n\t/home/goproject/pkg/mod/github.com/gin-gonic/gin@v1.8.1/context.go:173\nmain/middleware.GinRecovery.func1(0xc000552700)\n\t/home/goproject/src/QAcommunity/middleware/zap.go:83 +0x88\ngithub.com/gin-gonic/gin.(*Context).Next(...)\n\t/home/goproject/pkg/mod/github.com/gin-gonic/gin@v1.8.1/context.go:173\nmain/middleware.GinLogger.func1(0xc000552700)\n\t/home/goproject/src/QAcommunity/middleware/zap.go:23 +0xb1\ngithub.com/gin-gonic/gin.(*Context).Next(...)\n\t/home/goproject/pkg/mod/github.com/gin-gonic/gin@v1.8.1/context.go:173\ngithub.com/gin-gonic/gin.(*Engine).handleHTTPRequest(0xc000580680, 0xc000552700)\n\t/home/goproject/pkg/mod/github.com/gin-gonic/gin@v1.8.1/gin.go:616 +0x671\ngithub.com/gin-gonic/gin.(*Engine).ServeHTTP(0xc000580680, {0xc6b3b0?, 0xc000534460}, 0xc000552600)\n\t/home/goproject/pkg/mod/github.com/gin-gonic/gin@v1.8.1/gin.go:572 +0x1dd\nnet/http.serverHandler.ServeHTTP({0xc69d08?}, {0xc6b3b0, 0xc000534460}, 0xc000552600)\n\t/usr/local/go/src/net/http/server.go:2947 +0x30c\nnet/http.(*conn).serve(0xc000150320, {0xc6bf80, 0xc0001a26c0})\n\t/usr/local/go/src/net/http/server.go:1991 +0x607\ncreated by net/http.(*Server).Serve\n\t/usr/local/go/src/net/http/server.go:3102 +0x4db\n"}
2022-12-16T01:43:59.718+0800	INFO	/home/goproject/src/QAcommunity/middleware/zap.go:26	/api/public/post	{"status": 500, "method": "POST", "path": "/api/public/post", "query": "", "ip": "::1", "user-agent": "PostmanRuntime/7.30.0", "errors": "", "cost": 1370163}
2022-12-16T20:18:24.193+0800	INFO	/home/goproject/src/QAcommunity/services/boot/logger.go:34	init logger successfully
2022-12-16T20:18:24.197+0800	INFO	/home/goproject/src/QAcommunity/services/boot/database.go:38	connect mysql successfully
2022-12-16T20:18:29.348+0800	ERROR	/home/goproject/src/QAcommunity/middleware/zap.go:69	[Recovery from panic]	{"error": "reflect: reflect.Value.Set using unaddressable value", "request": "GET /api/public/postTitle HTTP/1.1\r\nHost: localhost:8080\r\nAccept: */*\r\nAccept-Encoding: gzip, deflate, br\r\nConnection: keep-alive\r\nPostman-Token: 4df09967-e9d9-4d06-b83e-3c0ecfc08e7f\r\nUser-Agent: PostmanRuntime/7.30.0\r\n\r\n", "stack": "goroutine 12 [running]:\nruntime/debug.Stack()\n\t/usr/local/go/src/runtime/debug/stack.go:24 +0x65\nmain/middleware.GinRecovery.func1.1()\n\t/home/goproject/src/QAcommunity/middleware/zap.go:72 +0x2d9\npanic({0xa7d8e0, 0xc000024380})\n\t/usr/local/go/src/runtime/panic.go:884 +0x212\nreflect.flag.mustBeAssignableSlow(0x5a0?)\n\t/usr/local/go/src/reflect/value.go:260 +0x85\nreflect.flag.mustBeAssignable(...)\n\t/usr/local/go/src/reflect/value.go:247\nreflect.Value.Set({0xa73920?, 0xc00051e3d8?, 0x0?}, {0xa73920?, 0xc00051e618?, 0x423ea5?})\n\t/usr/local/go/src/reflect/value.go:2154 +0x6a\ngorm.io/gorm.Scan({0xc6d4f0, 0xc000032f80}, 0xc0000a53b0, 0x0)\n\t/home/goproject/pkg/mod/gorm.io/gorm@v1.24.2/scan.go:253 +0xcf6\ngorm.io/gorm/callbacks.Query(0xc0000a53b0)\n\t/home/goproject/pkg/mod/gorm.io/gorm@v1.24.2/callbacks/query.go:26 +0x105\ngorm.io/gorm.(*processor).Execute(0xc000496aa0, 0xc0000a4f30?)\n\t/home/goproject/pkg/mod/gorm.io/gorm@v1.24.2/callbacks.go:130 +0x436\ngorm.io/gorm.(*DB).Find(0x1098c58?, {0xa73920?, 0xc00051e3d8}, {0x0, 0x0, 0x0})\n\t/home/goproject/pkg/mod/gorm.io/gorm@v1.24.2/finisher_api.go:170 +0x134\nmain/dao/mysql.GetAllPostTitle({0x1098c58, 0x0, 0x0})\n\t/home/goproject/src/QAcommunity/dao/mysql/post.go:9 +0x85\nmain/services.GetAllPostTitle()\n\t/home/goproject/src/QAcommunity/services/post.go:12 +0x33\nmain/controller.GetAllPostsTitle(0x0?)\n\t/home/goproject/src/QAcommunity/controller/post.go:14 +0x30\ngithub.com/gin-gonic/gin.(*Context).Next(...)\n\t/home/goproject/pkg/mod/github.com/gin-gonic/gin@v1.8.1/context.go:173\nmain/middleware.GinRecovery.func1(0xc000534700)\n\t/home/goproject/src/QAcommunity/middleware/zap.go:83 +0x88\ngithub.com/gin-gonic/gin.(*Context).Next(...)\n\t/home/goproject/pkg/mod/github.com/gin-gonic/gin@v1.8.1/context.go:173\nmain/middleware.GinLogger.func1(0xc000534700)\n\t/home/goproject/src/QAcommunity/middleware/zap.go:23 +0xb1\ngithub.com/gin-gonic/gin.(*Context).Next(...)\n\t/home/goproject/pkg/mod/github.com/gin-gonic/gin@v1.8.1/context.go:173\ngithub.com/gin-gonic/gin.(*Engine).handleHTTPRequest(0xc000102ea0, 0xc000534700)\n\t/home/goproject/pkg/mod/github.com/gin-gonic/gin@v1.8.1/gin.go:616 +0x671\ngithub.com/gin-gonic/gin.(*Engine).ServeHTTP(0xc000102ea0, {0xc6b3b0?, 0xc0001f8380}, 0xc0004aa000)\n\t/home/goproject/pkg/mod/github.com/gin-gonic/gin@v1.8.1/gin.go:572 +0x1dd\nnet/http.serverHandler.ServeHTTP({0xc00048e270?}, {0xc6b3b0, 0xc0001f8380}, 0xc0004aa000)\n\t/usr/local/go/src/net/http/server.go:2947 +0x30c\nnet/http.(*conn).serve(0xc0001980a0, {0xc6bf80, 0xc000110510})\n\t/usr/local/go/src/net/http/server.go:1991 +0x607\ncreated by net/http.(*Server).Serve\n\t/usr/local/go/src/net/http/server.go:3102 +0x4db\n"}
2022-12-16T20:18:29.348+0800	INFO	/home/goproject/src/QAcommunity/middleware/zap.go:26	/api/public/postTitle	{"status": 500, "method": "GET", "path": "/api/public/postTitle", "query": "", "ip": "::1", "user-agent": "PostmanRuntime/7.30.0", "errors": "", "cost": 5542208}
2022-12-16T20:20:17.016+0800	INFO	/home/goproject/src/QAcommunity/services/boot/logger.go:34	init logger successfully
2022-12-16T20:20:17.025+0800	INFO	/home/goproject/src/QAcommunity/services/boot/database.go:38	connect mysql successfully
2022-12-16T20:20:19.580+0800	INFO	/home/goproject/src/QAcommunity/middleware/zap.go:26	/api/public/postTitle	{"status": 200, "method": "GET", "path": "/api/public/postTitle", "query": "", "ip": "::1", "user-agent": "PostmanRuntime/7.30.0", "errors": "", "cost": 3059660}
2022-12-16T20:20:44.795+0800	INFO	/home/goproject/src/QAcommunity/services/boot/logger.go:34	init logger successfully
2022-12-16T20:20:44.797+0800	INFO	/home/goproject/src/QAcommunity/services/boot/database.go:38	connect mysql successfully
2022-12-16T20:20:46.285+0800	INFO	/home/goproject/src/QAcommunity/middleware/zap.go:26	/api/public/postTitle	{"status": 200, "method": "GET", "path": "/api/public/postTitle", "query": "", "ip": "::1", "user-agent": "PostmanRuntime/7.30.0", "errors": "", "cost": 4296870}
2022-12-16T20:29:04.595+0800	INFO	/home/goproject/src/QAcommunity/services/boot/logger.go:34	init logger successfully
2022-12-16T20:29:04.597+0800	INFO	/home/goproject/src/QAcommunity/services/boot/database.go:38	connect mysql successfully
2022-12-16T20:29:11.445+0800	INFO	/home/goproject/src/QAcommunity/middleware/zap.go:26	/api/public/postComments	{"status": 404, "method": "POST", "path": "/api/public/postComments", "query": "", "ip": "::1", "user-agent": "PostmanRuntime/7.30.0", "errors": "", "cost": 671}
2022-12-16T20:32:10.617+0800	INFO	/home/goproject/src/QAcommunity/services/boot/logger.go:34	init logger successfully
2022-12-16T20:32:10.622+0800	INFO	/home/goproject/src/QAcommunity/services/boot/database.go:38	connect mysql successfully
2022-12-16T20:32:13.195+0800	INFO	/home/goproject/src/QAcommunity/middleware/zap.go:26	/api/public/postComments	{"status": 404, "method": "GET", "path": "/api/public/postComments", "query": "post-id=493564722655232", "ip": "::1", "user-agent": "PostmanRuntime/7.30.0", "errors": "", "cost": 661}
2022-12-16T20:33:31.692+0800	INFO	/home/goproject/src/QAcommunity/services/boot/logger.go:34	init logger successfully
2022-12-16T20:33:31.695+0800	INFO	/home/goproject/src/QAcommunity/services/boot/database.go:38	connect mysql successfully
2022-12-16T20:33:33.010+0800	INFO	/home/goproject/src/QAcommunity/middleware/zap.go:26	/api/public/postComments	{"status": 500, "method": "GET", "path": "/api/public/postComments", "query": "post-id=493564722655232", "ip": "::1", "user-agent": "PostmanRuntime/7.30.0", "errors": "", "cost": 4353018}
